[ 2017-09-02T09:43:31+08:00 ] 127.0.0.1 /admin.php
INFO: [ app_init ] --START--
INFO: Run Behavior\BuildLiteBehavior [ RunTime:0.000039s ]
INFO: [ app_init ] --END-- [ RunTime:0.004538s ]
INFO: [ app_begin ] --START--
INFO: Run Behavior\ReadHtmlCacheBehavior [ RunTime:0.002165s ]
INFO: [ app_begin ] --END-- [ RunTime:0.002276s ]
NOTIC: [8] Undefined variable: module /Library/WebServer/News/ThinkPHP/Common/functions.php 第 990 行.
NOTIC: [8] Undefined variable: var /Library/WebServer/News/ThinkPHP/Common/functions.php 第 990 行.
NOTIC: [2] array_reverse() expects parameter 1 to be array, null given /Library/WebServer/News/ThinkPHP/Common/functions.php 第 990 行.
NOTIC: [2] http_build_query(): Parameter 1 expected to be Array or Object.  Incorrect value given /Library/WebServer/News/ThinkPHP/Common/functions.php 第 990 行.

[ 2017-09-02T09:43:31+08:00 ] 127.0.0.1 /admin.php?m=&&c=index
INFO: [ app_init ] --START--
INFO: Run Behavior\BuildLiteBehavior [ RunTime:0.000008s ]
INFO: [ app_init ] --END-- [ RunTime:0.000193s ]
INFO: [ app_begin ] --START--
INFO: Run Behavior\ReadHtmlCacheBehavior [ RunTime:0.000533s ]
INFO: [ app_begin ] --END-- [ RunTime:0.000598s ]
INFO: [ view_parse ] --START--
INFO: [ template_filter ] --START--
INFO: Run Behavior\ContentReplaceBehavior [ RunTime:0.000907s ]
INFO: [ template_filter ] --END-- [ RunTime:0.000995s ]
SQL: SHOW COLUMNS FROM `cms_menu` [ RunTime:0.0039s ]
SQL: SHOW COLUMNS FROM `cms_menu` [ RunTime:0.0010s ]
SQL: SELECT * FROM `cms_menu` WHERE `status` <> -1 AND `type` = 1 ORDER BY listorder desc, menu_id desc  [ RunTime:0.0035s ]
NOTIC: [8] Undefined variable: news /Library/WebServer/News/Application/Runtime/Cache/Admin/b595b808c2ebeeeb0478ffc30bb4e87a.php 第 171 行.
NOTIC: [8] Undefined variable: positioncount /Library/WebServer/News/Application/Runtime/Cache/Admin/b595b808c2ebeeeb0478ffc30bb4e87a.php 第 188 行.
INFO: Run Behavior\ParseTemplateBehavior [ RunTime:0.085129s ]
INFO: [ view_parse ] --END-- [ RunTime:0.085208s ]
INFO: [ view_filter ] --START--
INFO: Run Behavior\WriteHtmlCacheBehavior [ RunTime:0.006406s ]
INFO: [ view_filter ] --END-- [ RunTime:0.006476s ]
INFO: [ app_end ] --START--
INFO: Run Behavior\ShowPageTraceBehavior [ RunTime:0.007142s ]
INFO: [ app_end ] --END-- [ RunTime:0.007341s ]

[ 2017-09-02T09:43:34+08:00 ] 127.0.0.1 /admin.php?c=menu&a=index
INFO: [ app_init ] --START--
INFO: Run Behavior\BuildLiteBehavior [ RunTime:0.000021s ]
INFO: [ app_init ] --END-- [ RunTime:0.000334s ]
INFO: [ app_begin ] --START--
INFO: Run Behavior\ReadHtmlCacheBehavior [ RunTime:0.000395s ]
INFO: [ app_begin ] --END-- [ RunTime:0.000466s ]
NOTIC: [8] Undefined index: p /Library/WebServer/News/Application/Admin/Controller/MenuController.class.php 第 29 行.
SQL: SHOW COLUMNS FROM `cms_menu` [ RunTime:0.0011s ]
SQL: SHOW COLUMNS FROM `cms_menu` [ RunTime:0.0005s ]
NOTIC: [8] Undefined index: type /Library/WebServer/News/Application/Common/Model/MenuModel.class.php 第 48 行.
SQL: SELECT * FROM `cms_menu` WHERE `status` <> -1 ORDER BY listorder desc, menu_id desc LIMIT 0,3   [ RunTime:0.0004s ]
NOTIC: [2] in_array() expects parameter 2 to be array, boolean given /Library/WebServer/News/Application/Common/Model/MenuModel.class.php 第 64 行.
NOTIC: [8] Undefined index: type /Library/WebServer/News/Application/Common/Model/MenuModel.class.php 第 65 行.
SQL: SELECT COUNT(*) AS tp_count FROM `cms_menu` WHERE `status` <> -1 LIMIT 1   [ RunTime:0.0016s ]
INFO: [ view_parse ] --START--
INFO: [ template_filter ] --START--
INFO: Run Behavior\ContentReplaceBehavior [ RunTime:0.000084s ]
INFO: [ template_filter ] --END-- [ RunTime:0.000146s ]
SQL: SHOW COLUMNS FROM `cms_menu` [ RunTime:0.0008s ]
SQL: SELECT * FROM `cms_menu` WHERE `status` <> -1 AND `type` = 1 ORDER BY listorder desc, menu_id desc  [ RunTime:0.0006s ]
NOTIC: [8] Undefined index: prev /Library/WebServer/News/Application/Runtime/Cache/Admin/b956215329b6f9aca22277599a4efdfc.php 第 184 行.
NOTIC: [8] Undefined offset: 4 /Library/WebServer/News/Application/Runtime/Cache/Admin/b956215329b6f9aca22277599a4efdfc.php 第 184 行.
INFO: Run Behavior\ParseTemplateBehavior [ RunTime:0.017884s ]
INFO: [ view_parse ] --END-- [ RunTime:0.017941s ]
INFO: [ view_filter ] --START--
INFO: Run Behavior\WriteHtmlCacheBehavior [ RunTime:0.000279s ]
INFO: [ view_filter ] --END-- [ RunTime:0.000325s ]
INFO: [ app_end ] --START--
INFO: Run Behavior\ShowPageTraceBehavior [ RunTime:0.000800s ]
INFO: [ app_end ] --END-- [ RunTime:0.000954s ]

[ 2017-09-02T09:43:35+08:00 ] 127.0.0.1 /admin.php?c=menu&a=index
INFO: [ app_init ] --START--
INFO: Run Behavior\BuildLiteBehavior [ RunTime:0.000014s ]
INFO: [ app_init ] --END-- [ RunTime:0.000301s ]
INFO: [ app_begin ] --START--
INFO: Run Behavior\ReadHtmlCacheBehavior [ RunTime:0.000443s ]
INFO: [ app_begin ] --END-- [ RunTime:0.000529s ]
NOTIC: [8] Undefined index: p /Library/WebServer/News/Application/Admin/Controller/MenuController.class.php 第 29 行.
SQL: SHOW COLUMNS FROM `cms_menu` [ RunTime:0.0006s ]
SQL: SHOW COLUMNS FROM `cms_menu` [ RunTime:0.0008s ]
NOTIC: [8] Undefined index: type /Library/WebServer/News/Application/Common/Model/MenuModel.class.php 第 48 行.
SQL: SELECT * FROM `cms_menu` WHERE `status` <> -1 ORDER BY listorder desc, menu_id desc LIMIT 0,3   [ RunTime:0.0004s ]
NOTIC: [2] in_array() expects parameter 2 to be array, boolean given /Library/WebServer/News/Application/Common/Model/MenuModel.class.php 第 64 行.
NOTIC: [8] Undefined index: type /Library/WebServer/News/Application/Common/Model/MenuModel.class.php 第 65 行.
SQL: SELECT COUNT(*) AS tp_count FROM `cms_menu` WHERE `status` <> -1 LIMIT 1   [ RunTime:0.0003s ]
INFO: [ view_parse ] --START--
INFO: [ template_filter ] --START--
INFO: Run Behavior\ContentReplaceBehavior [ RunTime:0.000037s ]
INFO: [ template_filter ] --END-- [ RunTime:0.000075s ]
SQL: SHOW COLUMNS FROM `cms_menu` [ RunTime:0.0006s ]
SQL: SELECT * FROM `cms_menu` WHERE `status` <> -1 AND `type` = 1 ORDER BY listorder desc, menu_id desc  [ RunTime:0.0004s ]
NOTIC: [8] Undefined index: prev /Library/WebServer/News/Application/Runtime/Cache/Admin/b956215329b6f9aca22277599a4efdfc.php 第 184 行.
NOTIC: [8] Undefined offset: 4 /Library/WebServer/News/Application/Runtime/Cache/Admin/b956215329b6f9aca22277599a4efdfc.php 第 184 行.
INFO: Run Behavior\ParseTemplateBehavior [ RunTime:0.009984s ]
INFO: [ view_parse ] --END-- [ RunTime:0.010011s ]
INFO: [ view_filter ] --START--
INFO: Run Behavior\WriteHtmlCacheBehavior [ RunTime:0.000136s ]
INFO: [ view_filter ] --END-- [ RunTime:0.000158s ]
INFO: [ app_end ] --START--
INFO: Run Behavior\ShowPageTraceBehavior [ RunTime:0.000592s ]
INFO: [ app_end ] --END-- [ RunTime:0.000632s ]

[ 2017-09-02T09:43:36+08:00 ] 127.0.0.1 /admin.php?c=menu&a=index
INFO: [ app_init ] --START--
INFO: Run Behavior\BuildLiteBehavior [ RunTime:0.000012s ]
INFO: [ app_init ] --END-- [ RunTime:0.000275s ]
INFO: [ app_begin ] --START--
INFO: Run Behavior\ReadHtmlCacheBehavior [ RunTime:0.000331s ]
INFO: [ app_begin ] --END-- [ RunTime:0.000369s ]
NOTIC: [8] Undefined index: p /Library/WebServer/News/Application/Admin/Controller/MenuController.class.php 第 29 行.
SQL: SHOW COLUMNS FROM `cms_menu` [ RunTime:0.0006s ]
SQL: SHOW COLUMNS FROM `cms_menu` [ RunTime:0.0006s ]
NOTIC: [8] Undefined index: type /Library/WebServer/News/Application/Common/Model/MenuModel.class.php 第 48 行.
SQL: SELECT * FROM `cms_menu` WHERE `status` <> -1 ORDER BY listorder desc, menu_id desc LIMIT 0,3   [ RunTime:0.0004s ]
NOTIC: [2] in_array() expects parameter 2 to be array, boolean given /Library/WebServer/News/Application/Common/Model/MenuModel.class.php 第 64 行.
NOTIC: [8] Undefined index: type /Library/WebServer/News/Application/Common/Model/MenuModel.class.php 第 65 行.
SQL: SELECT COUNT(*) AS tp_count FROM `cms_menu` WHERE `status` <> -1 LIMIT 1   [ RunTime:0.0006s ]
INFO: [ view_parse ] --START--
INFO: [ template_filter ] --START--
INFO: Run Behavior\ContentReplaceBehavior [ RunTime:0.000043s ]
INFO: [ template_filter ] --END-- [ RunTime:0.000088s ]
SQL: SHOW COLUMNS FROM `cms_menu` [ RunTime:0.0006s ]
SQL: SELECT * FROM `cms_menu` WHERE `status` <> -1 AND `type` = 1 ORDER BY listorder desc, menu_id desc  [ RunTime:0.0005s ]
NOTIC: [8] Undefined index: prev /Library/WebServer/News/Application/Runtime/Cache/Admin/b956215329b6f9aca22277599a4efdfc.php 第 184 行.
NOTIC: [8] Undefined offset: 4 /Library/WebServer/News/Application/Runtime/Cache/Admin/b956215329b6f9aca22277599a4efdfc.php 第 184 行.
INFO: Run Behavior\ParseTemplateBehavior [ RunTime:0.010196s ]
INFO: [ view_parse ] --END-- [ RunTime:0.010222s ]
INFO: [ view_filter ] --START--
INFO: Run Behavior\WriteHtmlCacheBehavior [ RunTime:0.000139s ]
INFO: [ view_filter ] --END-- [ RunTime:0.000161s ]
INFO: [ app_end ] --START--
INFO: Run Behavior\ShowPageTraceBehavior [ RunTime:0.000617s ]
INFO: [ app_end ] --END-- [ RunTime:0.000758s ]

[ 2017-09-02T09:43:38+08:00 ] 127.0.0.1 /admin.php?c=menu&a=seach
INFO: [ app_init ] --START--
INFO: Run Behavior\BuildLiteBehavior [ RunTime:0.000009s ]
INFO: [ app_init ] --END-- [ RunTime:0.000209s ]
INFO: [ app_begin ] --START--
INFO: Run Behavior\ReadHtmlCacheBehavior [ RunTime:0.000250s ]
INFO: [ app_begin ] --END-- [ RunTime:0.000281s ]
ERR: 非法操作:seach

[ 2017-09-02T09:43:39+08:00 ] 127.0.0.1 /admin.php?c=menu&a=seach
INFO: [ app_init ] --START--
INFO: Run Behavior\BuildLiteBehavior [ RunTime:0.000009s ]
INFO: [ app_init ] --END-- [ RunTime:0.000196s ]
INFO: [ app_begin ] --START--
INFO: Run Behavior\ReadHtmlCacheBehavior [ RunTime:0.000241s ]
INFO: [ app_begin ] --END-- [ RunTime:0.000267s ]
ERR: 非法操作:seach

[ 2017-09-02T09:43:41+08:00 ] 127.0.0.1 /admin.php?c=menu&a=seach
INFO: [ app_init ] --START--
INFO: Run Behavior\BuildLiteBehavior [ RunTime:0.000008s ]
INFO: [ app_init ] --END-- [ RunTime:0.000193s ]
INFO: [ app_begin ] --START--
INFO: Run Behavior\ReadHtmlCacheBehavior [ RunTime:0.000390s ]
INFO: [ app_begin ] --END-- [ RunTime:0.000421s ]
ERR: 非法操作:seach

[ 2017-09-02T09:43:42+08:00 ] 127.0.0.1 /admin.php?c=menu&a=seach
INFO: [ app_init ] --START--
INFO: Run Behavior\BuildLiteBehavior [ RunTime:0.000011s ]
INFO: [ app_init ] --END-- [ RunTime:0.000255s ]
INFO: [ app_begin ] --START--
INFO: Run Behavior\ReadHtmlCacheBehavior [ RunTime:0.000436s ]
INFO: [ app_begin ] --END-- [ RunTime:0.000482s ]
ERR: 非法操作:seach

[ 2017-09-02T09:43:43+08:00 ] 127.0.0.1 /admin.php?c=menu&a=seach
INFO: [ app_init ] --START--
INFO: Run Behavior\BuildLiteBehavior [ RunTime:0.000011s ]
INFO: [ app_init ] --END-- [ RunTime:0.000257s ]
INFO: [ app_begin ] --START--
INFO: Run Behavior\ReadHtmlCacheBehavior [ RunTime:0.000283s ]
INFO: [ app_begin ] --END-- [ RunTime:0.000316s ]
ERR: 非法操作:seach

[ 2017-09-02T09:44:13+08:00 ] 127.0.0.1 /admin.php?c=menu&a=seach
INFO: [ app_init ] --START--
INFO: Run Behavior\BuildLiteBehavior [ RunTime:0.000021s ]
INFO: [ app_init ] --END-- [ RunTime:0.000356s ]
INFO: [ app_begin ] --START--
INFO: Run Behavior\ReadHtmlCacheBehavior [ RunTime:0.000645s ]
INFO: [ app_begin ] --END-- [ RunTime:0.000809s ]
ERR: 非法操作:seach

[ 2017-09-02T09:44:15+08:00 ] 127.0.0.1 /admin.php?c=menu&a=seach
INFO: [ app_init ] --START--
INFO: Run Behavior\BuildLiteBehavior [ RunTime:0.000009s ]
INFO: [ app_init ] --END-- [ RunTime:0.000195s ]
INFO: [ app_begin ] --START--
INFO: Run Behavior\ReadHtmlCacheBehavior [ RunTime:0.000264s ]
INFO: [ app_begin ] --END-- [ RunTime:0.000290s ]
ERR: 非法操作:seach

[ 2017-09-02T09:44:21+08:00 ] 127.0.0.1 /admin.php?c=menu&a=seach
INFO: [ app_init ] --START--
INFO: Run Behavior\BuildLiteBehavior [ RunTime:0.000009s ]
INFO: [ app_init ] --END-- [ RunTime:0.000205s ]
INFO: [ app_begin ] --START--
INFO: Run Behavior\ReadHtmlCacheBehavior [ RunTime:0.000246s ]
INFO: [ app_begin ] --END-- [ RunTime:0.000274s ]
ERR: 非法操作:seach

[ 2017-09-02T09:45:06+08:00 ] 127.0.0.1 /admin.php?c=menu&a=index
INFO: [ app_init ] --START--
INFO: Run Behavior\BuildLiteBehavior [ RunTime:0.000008s ]
INFO: [ app_init ] --END-- [ RunTime:0.000193s ]
INFO: [ app_begin ] --START--
INFO: Run Behavior\ReadHtmlCacheBehavior [ RunTime:0.000239s ]
INFO: [ app_begin ] --END-- [ RunTime:0.000267s ]
NOTIC: [8] Undefined index: p /Library/WebServer/News/Application/Admin/Controller/MenuController.class.php 第 29 行.
SQL: SHOW COLUMNS FROM `cms_menu` [ RunTime:0.0007s ]
SQL: SHOW COLUMNS FROM `cms_menu` [ RunTime:0.0008s ]
NOTIC: [8] Undefined index: type /Library/WebServer/News/Application/Common/Model/MenuModel.class.php 第 48 行.
SQL: SELECT * FROM `cms_menu` WHERE `status` <> -1 ORDER BY listorder desc, menu_id desc LIMIT 0,3   [ RunTime:0.0005s ]
NOTIC: [2] in_array() expects parameter 2 to be array, boolean given /Library/WebServer/News/Application/Common/Model/MenuModel.class.php 第 64 行.
NOTIC: [8] Undefined index: type /Library/WebServer/News/Application/Common/Model/MenuModel.class.php 第 65 行.
SQL: SELECT COUNT(*) AS tp_count FROM `cms_menu` WHERE `status` <> -1 LIMIT 1   [ RunTime:0.0006s ]
INFO: [ view_parse ] --START--
INFO: [ template_filter ] --START--
INFO: Run Behavior\ContentReplaceBehavior [ RunTime:0.000036s ]
INFO: [ template_filter ] --END-- [ RunTime:0.000073s ]
SQL: SHOW COLUMNS FROM `cms_menu` [ RunTime:0.0016s ]
SQL: SELECT * FROM `cms_menu` WHERE `status` <> -1 AND `type` = 1 ORDER BY listorder desc, menu_id desc  [ RunTime:0.0008s ]
NOTIC: [8] Undefined index: prev /Library/WebServer/News/Application/Runtime/Cache/Admin/b956215329b6f9aca22277599a4efdfc.php 第 184 行.
NOTIC: [8] Undefined offset: 4 /Library/WebServer/News/Application/Runtime/Cache/Admin/b956215329b6f9aca22277599a4efdfc.php 第 184 行.
INFO: Run Behavior\ParseTemplateBehavior [ RunTime:0.016786s ]
INFO: [ view_parse ] --END-- [ RunTime:0.016830s ]
INFO: [ view_filter ] --START--
INFO: Run Behavior\WriteHtmlCacheBehavior [ RunTime:0.000256s ]
INFO: [ view_filter ] --END-- [ RunTime:0.000301s ]
INFO: [ app_end ] --START--
INFO: Run Behavior\ShowPageTraceBehavior [ RunTime:0.001257s ]
INFO: [ app_end ] --END-- [ RunTime:0.001391s ]

[ 2017-09-02T09:45:16+08:00 ] 127.0.0.1 /admin.php?c=menu&a=seach
INFO: [ app_init ] --START--
INFO: Run Behavior\BuildLiteBehavior [ RunTime:0.000137s ]
INFO: [ app_init ] --END-- [ RunTime:0.001024s ]
INFO: [ app_begin ] --START--
INFO: Run Behavior\ReadHtmlCacheBehavior [ RunTime:0.000715s ]
INFO: [ app_begin ] --END-- [ RunTime:0.000956s ]
ERR: 非法操作:seach

[ 2017-09-02T09:45:19+08:00 ] 127.0.0.1 /admin.php?c=menu&a=seach
INFO: [ app_init ] --START--
INFO: Run Behavior\BuildLiteBehavior [ RunTime:0.000035s ]
INFO: [ app_init ] --END-- [ RunTime:0.000504s ]
INFO: [ app_begin ] --START--
INFO: Run Behavior\ReadHtmlCacheBehavior [ RunTime:0.000303s ]
INFO: [ app_begin ] --END-- [ RunTime:0.000336s ]
ERR: 非法操作:seach

[ 2017-09-02T09:45:21+08:00 ] 127.0.0.1 /admin.php?c=menu&a=seach
INFO: [ app_init ] --START--
INFO: Run Behavior\BuildLiteBehavior [ RunTime:0.000015s ]
INFO: [ app_init ] --END-- [ RunTime:0.000378s ]
INFO: [ app_begin ] --START--
INFO: Run Behavior\ReadHtmlCacheBehavior [ RunTime:0.000408s ]
INFO: [ app_begin ] --END-- [ RunTime:0.000455s ]
ERR: 非法操作:seach

[ 2017-09-02T09:45:24+08:00 ] 127.0.0.1 /admin.php?c=menu&a=seach
INFO: [ app_init ] --START--
INFO: Run Behavior\BuildLiteBehavior [ RunTime:0.000009s ]
INFO: [ app_init ] --END-- [ RunTime:0.000195s ]
INFO: [ app_begin ] --START--
INFO: Run Behavior\ReadHtmlCacheBehavior [ RunTime:0.000264s ]
INFO: [ app_begin ] --END-- [ RunTime:0.000292s ]
ERR: 非法操作:seach

[ 2017-09-02T09:45:27+08:00 ] 127.0.0.1 /admin.php?c=menu&a=seach
INFO: [ app_init ] --START--
INFO: Run Behavior\BuildLiteBehavior [ RunTime:0.000014s ]
INFO: [ app_init ] --END-- [ RunTime:0.000305s ]
INFO: [ app_begin ] --START--
INFO: Run Behavior\ReadHtmlCacheBehavior [ RunTime:0.000346s ]
INFO: [ app_begin ] --END-- [ RunTime:0.000388s ]
ERR: 非法操作:seach

[ 2017-09-02T09:45:29+08:00 ] 127.0.0.1 /admin.php?c=menu&a=seach
INFO: [ app_init ] --START--
INFO: Run Behavior\BuildLiteBehavior [ RunTime:0.000013s ]
INFO: [ app_init ] --END-- [ RunTime:0.000798s ]
INFO: [ app_begin ] --START--
INFO: Run Behavior\ReadHtmlCacheBehavior [ RunTime:0.000493s ]
INFO: [ app_begin ] --END-- [ RunTime:0.000579s ]
ERR: 非法操作:seach

[ 2017-09-02T09:45:58+08:00 ] 127.0.0.1 /admin.php?c=menu&a=index
INFO: [ app_init ] --START--
INFO: Run Behavior\BuildLiteBehavior [ RunTime:0.000008s ]
INFO: [ app_init ] --END-- [ RunTime:0.000200s ]
INFO: [ app_begin ] --START--
INFO: Run Behavior\ReadHtmlCacheBehavior [ RunTime:0.000247s ]
INFO: [ app_begin ] --END-- [ RunTime:0.000275s ]
NOTIC: [8] Undefined index: p /Library/WebServer/News/Application/Admin/Controller/MenuController.class.php 第 29 行.
SQL: SHOW COLUMNS FROM `cms_menu` [ RunTime:0.0006s ]
SQL: SHOW COLUMNS FROM `cms_menu` [ RunTime:0.0004s ]
NOTIC: [8] Undefined index: type /Library/WebServer/News/Application/Common/Model/MenuModel.class.php 第 48 行.
SQL: SELECT * FROM `cms_menu` WHERE `status` <> -1 ORDER BY listorder desc, menu_id desc LIMIT 0,3   [ RunTime:0.0004s ]
NOTIC: [2] in_array() expects parameter 2 to be array, boolean given /Library/WebServer/News/Application/Common/Model/MenuModel.class.php 第 64 行.
NOTIC: [8] Undefined index: type /Library/WebServer/News/Application/Common/Model/MenuModel.class.php 第 65 行.
SQL: SELECT COUNT(*) AS tp_count FROM `cms_menu` WHERE `status` <> -1 LIMIT 1   [ RunTime:0.0003s ]
INFO: [ view_parse ] --START--
INFO: [ template_filter ] --START--
INFO: Run Behavior\ContentReplaceBehavior [ RunTime:0.000135s ]
INFO: [ template_filter ] --END-- [ RunTime:0.000241s ]
SQL: SHOW COLUMNS FROM `cms_menu` [ RunTime:0.0006s ]
SQL: SELECT * FROM `cms_menu` WHERE `status` <> -1 AND `type` = 1 ORDER BY listorder desc, menu_id desc  [ RunTime:0.0004s ]
NOTIC: [8] Undefined index: prev /Library/WebServer/News/Application/Runtime/Cache/Admin/b956215329b6f9aca22277599a4efdfc.php 第 184 行.
NOTIC: [8] Undefined offset: 4 /Library/WebServer/News/Application/Runtime/Cache/Admin/b956215329b6f9aca22277599a4efdfc.php 第 184 行.
INFO: Run Behavior\ParseTemplateBehavior [ RunTime:0.014475s ]
INFO: [ view_parse ] --END-- [ RunTime:0.014515s ]
INFO: [ view_filter ] --START--
INFO: Run Behavior\WriteHtmlCacheBehavior [ RunTime:0.000171s ]
INFO: [ view_filter ] --END-- [ RunTime:0.000194s ]
INFO: [ app_end ] --START--
INFO: Run Behavior\ShowPageTraceBehavior [ RunTime:0.000739s ]
INFO: [ app_end ] --END-- [ RunTime:0.000813s ]

[ 2017-09-02T09:45:59+08:00 ] 127.0.0.1 /admin.php?c=menu&a=search
INFO: [ app_init ] --START--
INFO: Run Behavior\BuildLiteBehavior [ RunTime:0.000030s ]
INFO: [ app_init ] --END-- [ RunTime:0.000451s ]
INFO: [ app_begin ] --START--
INFO: Run Behavior\ReadHtmlCacheBehavior [ RunTime:0.000405s ]
INFO: [ app_begin ] --END-- [ RunTime:0.000457s ]
SQL: SHOW COLUMNS FROM `cms_menu` [ RunTime:0.0012s ]
SQL: SHOW COLUMNS FROM `cms_menu` [ RunTime:0.0009s ]
NOTIC: [8] Undefined index: type /Library/WebServer/News/Application/Common/Model/MenuModel.class.php 第 48 行.
SQL: SELECT * FROM `cms_menu` WHERE `status` <> -1 ORDER BY listorder desc, menu_id desc LIMIT 6,3   [ RunTime:0.0006s ]
NOTIC: [2] in_array() expects parameter 2 to be array, boolean given /Library/WebServer/News/Application/Common/Model/MenuModel.class.php 第 64 行.
NOTIC: [8] Undefined index: type /Library/WebServer/News/Application/Common/Model/MenuModel.class.php 第 65 行.
SQL: SELECT COUNT(*) AS tp_count FROM `cms_menu` WHERE `status` <> -1 LIMIT 1   [ RunTime:0.0004s ]
ERR: 模板不存在:./Application/Admin/View/Menu/content.html

[ 2017-09-02T09:46:00+08:00 ] 127.0.0.1 /admin.php?c=menu&a=search
INFO: [ app_init ] --START--
INFO: Run Behavior\BuildLiteBehavior [ RunTime:0.000011s ]
INFO: [ app_init ] --END-- [ RunTime:0.000244s ]
INFO: [ app_begin ] --START--
INFO: Run Behavior\ReadHtmlCacheBehavior [ RunTime:0.000326s ]
INFO: [ app_begin ] --END-- [ RunTime:0.000361s ]
SQL: SHOW COLUMNS FROM `cms_menu` [ RunTime:0.0006s ]
SQL: SHOW COLUMNS FROM `cms_menu` [ RunTime:0.0004s ]
NOTIC: [8] Undefined index: type /Library/WebServer/News/Application/Common/Model/MenuModel.class.php 第 48 行.
SQL: SELECT * FROM `cms_menu` WHERE `status` <> -1 ORDER BY listorder desc, menu_id desc LIMIT 3,3   [ RunTime:0.0004s ]
NOTIC: [2] in_array() expects parameter 2 to be array, boolean given /Library/WebServer/News/Application/Common/Model/MenuModel.class.php 第 64 行.
NOTIC: [8] Undefined index: type /Library/WebServer/News/Application/Common/Model/MenuModel.class.php 第 65 行.
SQL: SELECT COUNT(*) AS tp_count FROM `cms_menu` WHERE `status` <> -1 LIMIT 1   [ RunTime:0.0003s ]
ERR: 模板不存在:./Application/Admin/View/Menu/content.html

[ 2017-09-02T09:46:01+08:00 ] 127.0.0.1 /admin.php?c=menu&a=index
INFO: [ app_init ] --START--
INFO: Run Behavior\BuildLiteBehavior [ RunTime:0.000019s ]
INFO: [ app_init ] --END-- [ RunTime:0.000548s ]
INFO: [ app_begin ] --START--
INFO: Run Behavior\ReadHtmlCacheBehavior [ RunTime:0.000363s ]
INFO: [ app_begin ] --END-- [ RunTime:0.000405s ]
NOTIC: [8] Undefined index: p /Library/WebServer/News/Application/Admin/Controller/MenuController.class.php 第 29 行.
SQL: SHOW COLUMNS FROM `cms_menu` [ RunTime:0.0006s ]
SQL: SHOW COLUMNS FROM `cms_menu` [ RunTime:0.0005s ]
NOTIC: [8] Undefined index: type /Library/WebServer/News/Application/Common/Model/MenuModel.class.php 第 48 行.
SQL: SELECT * FROM `cms_menu` WHERE `status` <> -1 ORDER BY listorder desc, menu_id desc LIMIT 0,3   [ RunTime:0.0005s ]
NOTIC: [2] in_array() expects parameter 2 to be array, boolean given /Library/WebServer/News/Application/Common/Model/MenuModel.class.php 第 64 行.
NOTIC: [8] Undefined index: type /Library/WebServer/News/Application/Common/Model/MenuModel.class.php 第 65 行.
SQL: SELECT COUNT(*) AS tp_count FROM `cms_menu` WHERE `status` <> -1 LIMIT 1   [ RunTime:0.0003s ]
INFO: [ view_parse ] --START--
INFO: [ template_filter ] --START--
INFO: Run Behavior\ContentReplaceBehavior [ RunTime:0.000086s ]
INFO: [ template_filter ] --END-- [ RunTime:0.000126s ]
SQL: SHOW COLUMNS FROM `cms_menu` [ RunTime:0.0006s ]
SQL: SELECT * FROM `cms_menu` WHERE `status` <> -1 AND `type` = 1 ORDER BY listorder desc, menu_id desc  [ RunTime:0.0005s ]
NOTIC: [8] Undefined index: prev /Library/WebServer/News/Application/Runtime/Cache/Admin/b956215329b6f9aca22277599a4efdfc.php 第 184 行.
NOTIC: [8] Undefined offset: 4 /Library/WebServer/News/Application/Runtime/Cache/Admin/b956215329b6f9aca22277599a4efdfc.php 第 184 行.
INFO: Run Behavior\ParseTemplateBehavior [ RunTime:0.014018s ]
INFO: [ view_parse ] --END-- [ RunTime:0.014058s ]
INFO: [ view_filter ] --START--
INFO: Run Behavior\WriteHtmlCacheBehavior [ RunTime:0.000151s ]
INFO: [ view_filter ] --END-- [ RunTime:0.000175s ]
INFO: [ app_end ] --START--
INFO: Run Behavior\ShowPageTraceBehavior [ RunTime:0.000719s ]
INFO: [ app_end ] --END-- [ RunTime:0.000812s ]

[ 2017-09-02T09:46:01+08:00 ] 127.0.0.1 /admin.php?c=menu&a=index
INFO: [ app_init ] --START--
INFO: Run Behavior\BuildLiteBehavior [ RunTime:0.000018s ]
INFO: [ app_init ] --END-- [ RunTime:0.000435s ]
INFO: [ app_begin ] --START--
INFO: Run Behavior\ReadHtmlCacheBehavior [ RunTime:0.000519s ]
INFO: [ app_begin ] --END-- [ RunTime:0.000593s ]
NOTIC: [8] Undefined index: p /Library/WebServer/News/Application/Admin/Controller/MenuController.class.php 第 29 行.
SQL: SHOW COLUMNS FROM `cms_menu` [ RunTime:0.0006s ]
SQL: SHOW COLUMNS FROM `cms_menu` [ RunTime:0.0005s ]
NOTIC: [8] Undefined index: type /Library/WebServer/News/Application/Common/Model/MenuModel.class.php 第 48 行.
SQL: SELECT * FROM `cms_menu` WHERE `status` <> -1 ORDER BY listorder desc, menu_id desc LIMIT 0,3   [ RunTime:0.0003s ]
NOTIC: [2] in_array() expects parameter 2 to be array, boolean given /Library/WebServer/News/Application/Common/Model/MenuModel.class.php 第 64 行.
NOTIC: [8] Undefined index: type /Library/WebServer/News/Application/Common/Model/MenuModel.class.php 第 65 行.
SQL: SELECT COUNT(*) AS tp_count FROM `cms_menu` WHERE `status` <> -1 LIMIT 1   [ RunTime:0.0002s ]
INFO: [ view_parse ] --START--
INFO: [ template_filter ] --START--
INFO: Run Behavior\ContentReplaceBehavior [ RunTime:0.000056s ]
INFO: [ template_filter ] --END-- [ RunTime:0.000120s ]
SQL: SHOW COLUMNS FROM `cms_menu` [ RunTime:0.0006s ]
SQL: SELECT * FROM `cms_menu` WHERE `status` <> -1 AND `type` = 1 ORDER BY listorder desc, menu_id desc  [ RunTime:0.0004s ]
NOTIC: [8] Undefined index: prev /Library/WebServer/News/Application/Runtime/Cache/Admin/b956215329b6f9aca22277599a4efdfc.php 第 184 行.
NOTIC: [8] Undefined offset: 4 /Library/WebServer/News/Application/Runtime/Cache/Admin/b956215329b6f9aca22277599a4efdfc.php 第 184 行.
INFO: Run Behavior\ParseTemplateBehavior [ RunTime:0.012948s ]
INFO: [ view_parse ] --END-- [ RunTime:0.012974s ]
INFO: [ view_filter ] --START--
INFO: Run Behavior\WriteHtmlCacheBehavior [ RunTime:0.000139s ]
INFO: [ view_filter ] --END-- [ RunTime:0.000162s ]
INFO: [ app_end ] --START--
INFO: Run Behavior\ShowPageTraceBehavior [ RunTime:0.000556s ]
INFO: [ app_end ] --END-- [ RunTime:0.000617s ]

[ 2017-09-02T09:46:01+08:00 ] 127.0.0.1 /admin.php?c=menu&a=index
INFO: [ app_init ] --START--
INFO: Run Behavior\BuildLiteBehavior [ RunTime:0.000011s ]
INFO: [ app_init ] --END-- [ RunTime:0.000300s ]
INFO: [ app_begin ] --START--
INFO: Run Behavior\ReadHtmlCacheBehavior [ RunTime:0.000348s ]
INFO: [ app_begin ] --END-- [ RunTime:0.000391s ]
NOTIC: [8] Undefined index: p /Library/WebServer/News/Application/Admin/Controller/MenuController.class.php 第 29 行.
SQL: SHOW COLUMNS FROM `cms_menu` [ RunTime:0.0007s ]
SQL: SHOW COLUMNS FROM `cms_menu` [ RunTime:0.0005s ]
NOTIC: [8] Undefined index: type /Library/WebServer/News/Application/Common/Model/MenuModel.class.php 第 48 行.
SQL: SELECT * FROM `cms_menu` WHERE `status` <> -1 ORDER BY listorder desc, menu_id desc LIMIT 0,3   [ RunTime:0.0007s ]
NOTIC: [2] in_array() expects parameter 2 to be array, boolean given /Library/WebServer/News/Application/Common/Model/MenuModel.class.php 第 64 行.
NOTIC: [8] Undefined index: type /Library/WebServer/News/Application/Common/Model/MenuModel.class.php 第 65 行.
SQL: SELECT COUNT(*) AS tp_count FROM `cms_menu` WHERE `status` <> -1 LIMIT 1   [ RunTime:0.0004s ]
INFO: [ view_parse ] --START--
INFO: [ template_filter ] --START--
INFO: Run Behavior\ContentReplaceBehavior [ RunTime:0.000043s ]
INFO: [ template_filter ] --END-- [ RunTime:0.000139s ]
SQL: SHOW COLUMNS FROM `cms_menu` [ RunTime:0.0006s ]
SQL: SELECT * FROM `cms_menu` WHERE `status` <> -1 AND `type` = 1 ORDER BY listorder desc, menu_id desc  [ RunTime:0.0004s ]
NOTIC: [8] Undefined index: prev /Library/WebServer/News/Application/Runtime/Cache/Admin/b956215329b6f9aca22277599a4efdfc.php 第 184 行.
NOTIC: [8] Undefined offset: 4 /Library/WebServer/News/Application/Runtime/Cache/Admin/b956215329b6f9aca22277599a4efdfc.php 第 184 行.
INFO: Run Behavior\ParseTemplateBehavior [ RunTime:0.008358s ]
INFO: [ view_parse ] --END-- [ RunTime:0.008384s ]
INFO: [ view_filter ] --START--
INFO: Run Behavior\WriteHtmlCacheBehavior [ RunTime:0.000136s ]
INFO: [ view_filter ] --END-- [ RunTime:0.000158s ]
INFO: [ app_end ] --START--
INFO: Run Behavior\ShowPageTraceBehavior [ RunTime:0.000489s ]
INFO: [ app_end ] --END-- [ RunTime:0.000535s ]

[ 2017-09-02T09:46:02+08:00 ] 127.0.0.1 /admin.php?c=menu&a=index
INFO: [ app_init ] --START--
INFO: Run Behavior\BuildLiteBehavior [ RunTime:0.000009s ]
INFO: [ app_init ] --END-- [ RunTime:0.000199s ]
INFO: [ app_begin ] --START--
INFO: Run Behavior\ReadHtmlCacheBehavior [ RunTime:0.000244s ]
INFO: [ app_begin ] --END-- [ RunTime:0.000273s ]
NOTIC: [8] Undefined index: p /Library/WebServer/News/Application/Admin/Controller/MenuController.class.php 第 29 行.
SQL: SHOW COLUMNS FROM `cms_menu` [ RunTime:0.0006s ]
SQL: SHOW COLUMNS FROM `cms_menu` [ RunTime:0.0005s ]
NOTIC: [8] Undefined index: type /Library/WebServer/News/Application/Common/Model/MenuModel.class.php 第 48 行.
SQL: SELECT * FROM `cms_menu` WHERE `status` <> -1 ORDER BY listorder desc, menu_id desc LIMIT 0,3   [ RunTime:0.0004s ]
NOTIC: [2] in_array() expects parameter 2 to be array, boolean given /Library/WebServer/News/Application/Common/Model/MenuModel.class.php 第 64 行.
NOTIC: [8] Undefined index: type /Library/WebServer/News/Application/Common/Model/MenuModel.class.php 第 65 行.
SQL: SELECT COUNT(*) AS tp_count FROM `cms_menu` WHERE `status` <> -1 LIMIT 1   [ RunTime:0.0004s ]
INFO: [ view_parse ] --START--
INFO: [ template_filter ] --START--
INFO: Run Behavior\ContentReplaceBehavior [ RunTime:0.000033s ]
INFO: [ template_filter ] --END-- [ RunTime:0.000067s ]
SQL: SHOW COLUMNS FROM `cms_menu` [ RunTime:0.0006s ]
SQL: SELECT * FROM `cms_menu` WHERE `status` <> -1 AND `type` = 1 ORDER BY listorder desc, menu_id desc  [ RunTime:0.0004s ]
NOTIC: [8] Undefined index: prev /Library/WebServer/News/Application/Runtime/Cache/Admin/b956215329b6f9aca22277599a4efdfc.php 第 184 行.
NOTIC: [8] Undefined offset: 4 /Library/WebServer/News/Application/Runtime/Cache/Admin/b956215329b6f9aca22277599a4efdfc.php 第 184 行.
INFO: Run Behavior\ParseTemplateBehavior [ RunTime:0.008230s ]
INFO: [ view_parse ] --END-- [ RunTime:0.008258s ]
INFO: [ view_filter ] --START--
INFO: Run Behavior\WriteHtmlCacheBehavior [ RunTime:0.000136s ]
INFO: [ view_filter ] --END-- [ RunTime:0.000158s ]
INFO: [ app_end ] --START--
INFO: Run Behavior\ShowPageTraceBehavior [ RunTime:0.000501s ]
INFO: [ app_end ] --END-- [ RunTime:0.000577s ]

[ 2017-09-02T09:46:02+08:00 ] 127.0.0.1 /admin.php?c=menu&a=index
INFO: [ app_init ] --START--
INFO: Run Behavior\BuildLiteBehavior [ RunTime:0.000008s ]
INFO: [ app_init ] --END-- [ RunTime:0.000210s ]
INFO: [ app_begin ] --START--
INFO: Run Behavior\ReadHtmlCacheBehavior [ RunTime:0.000499s ]
INFO: [ app_begin ] --END-- [ RunTime:0.000533s ]
NOTIC: [8] Undefined index: p /Library/WebServer/News/Application/Admin/Controller/MenuController.class.php 第 29 行.
SQL: SHOW COLUMNS FROM `cms_menu` [ RunTime:0.0006s ]
SQL: SHOW COLUMNS FROM `cms_menu` [ RunTime:0.0005s ]
NOTIC: [8] Undefined index: type /Library/WebServer/News/Application/Common/Model/MenuModel.class.php 第 48 行.
SQL: SELECT * FROM `cms_menu` WHERE `status` <> -1 ORDER BY listorder desc, menu_id desc LIMIT 0,3   [ RunTime:0.0004s ]
NOTIC: [2] in_array() expects parameter 2 to be array, boolean given /Library/WebServer/News/Application/Common/Model/MenuModel.class.php 第 64 行.
NOTIC: [8] Undefined index: type /Library/WebServer/News/Application/Common/Model/MenuModel.class.php 第 65 行.
SQL: SELECT COUNT(*) AS tp_count FROM `cms_menu` WHERE `status` <> -1 LIMIT 1   [ RunTime:0.0003s ]
INFO: [ view_parse ] --START--
INFO: [ template_filter ] --START--
INFO: Run Behavior\ContentReplaceBehavior [ RunTime:0.000033s ]
INFO: [ template_filter ] --END-- [ RunTime:0.000064s ]
SQL: SHOW COLUMNS FROM `cms_menu` [ RunTime:0.0008s ]
SQL: SELECT * FROM `cms_menu` WHERE `status` <> -1 AND `type` = 1 ORDER BY listorder desc, menu_id desc  [ RunTime:0.0004s ]
NOTIC: [8] Undefined index: prev /Library/WebServer/News/Application/Runtime/Cache/Admin/b956215329b6f9aca22277599a4efdfc.php 第 184 行.
NOTIC: [8] Undefined offset: 4 /Library/WebServer/News/Application/Runtime/Cache/Admin/b956215329b6f9aca22277599a4efdfc.php 第 184 行.
INFO: Run Behavior\ParseTemplateBehavior [ RunTime:0.008177s ]
INFO: [ view_parse ] --END-- [ RunTime:0.008204s ]
INFO: [ view_filter ] --START--
INFO: Run Behavior\WriteHtmlCacheBehavior [ RunTime:0.000172s ]
INFO: [ view_filter ] --END-- [ RunTime:0.000196s ]
INFO: [ app_end ] --START--
INFO: Run Behavior\ShowPageTraceBehavior [ RunTime:0.000669s ]
INFO: [ app_end ] --END-- [ RunTime:0.000724s ]

[ 2017-09-02T09:46:02+08:00 ] 127.0.0.1 /admin.php?c=menu&a=index
INFO: [ app_init ] --START--
INFO: Run Behavior\BuildLiteBehavior [ RunTime:0.000010s ]
INFO: [ app_init ] --END-- [ RunTime:0.000232s ]
INFO: [ app_begin ] --START--
INFO: Run Behavior\ReadHtmlCacheBehavior [ RunTime:0.000442s ]
INFO: [ app_begin ] --END-- [ RunTime:0.000490s ]
NOTIC: [8] Undefined index: p /Library/WebServer/News/Application/Admin/Controller/MenuController.class.php 第 29 行.
SQL: SHOW COLUMNS FROM `cms_menu` [ RunTime:0.0006s ]
SQL: SHOW COLUMNS FROM `cms_menu` [ RunTime:0.0006s ]
NOTIC: [8] Undefined index: type /Library/WebServer/News/Application/Common/Model/MenuModel.class.php 第 48 行.
SQL: SELECT * FROM `cms_menu` WHERE `status` <> -1 ORDER BY listorder desc, menu_id desc LIMIT 0,3   [ RunTime:0.0004s ]
NOTIC: [2] in_array() expects parameter 2 to be array, boolean given /Library/WebServer/News/Application/Common/Model/MenuModel.class.php 第 64 行.
NOTIC: [8] Undefined index: type /Library/WebServer/News/Application/Common/Model/MenuModel.class.php 第 65 行.
SQL: SELECT COUNT(*) AS tp_count FROM `cms_menu` WHERE `status` <> -1 LIMIT 1   [ RunTime:0.0003s ]
INFO: [ view_parse ] --START--
INFO: [ template_filter ] --START--
INFO: Run Behavior\ContentReplaceBehavior [ RunTime:0.000040s ]
INFO: [ template_filter ] --END-- [ RunTime:0.000082s ]
SQL: SHOW COLUMNS FROM `cms_menu` [ RunTime:0.0006s ]
SQL: SELECT * FROM `cms_menu` WHERE `status` <> -1 AND `type` = 1 ORDER BY listorder desc, menu_id desc  [ RunTime:0.0004s ]
NOTIC: [8] Undefined index: prev /Library/WebServer/News/Application/Runtime/Cache/Admin/b956215329b6f9aca22277599a4efdfc.php 第 184 行.
NOTIC: [8] Undefined offset: 4 /Library/WebServer/News/Application/Runtime/Cache/Admin/b956215329b6f9aca22277599a4efdfc.php 第 184 行.
INFO: Run Behavior\ParseTemplateBehavior [ RunTime:0.011525s ]
INFO: [ view_parse ] --END-- [ RunTime:0.011551s ]
INFO: [ view_filter ] --START--
INFO: Run Behavior\WriteHtmlCacheBehavior [ RunTime:0.000136s ]
INFO: [ view_filter ] --END-- [ RunTime:0.000158s ]
INFO: [ app_end ] --START--
INFO: Run Behavior\ShowPageTraceBehavior [ RunTime:0.000536s ]
INFO: [ app_end ] --END-- [ RunTime:0.000572s ]

[ 2017-09-02T09:46:02+08:00 ] 127.0.0.1 /admin.php?c=menu&a=index
INFO: [ app_init ] --START--
INFO: Run Behavior\BuildLiteBehavior [ RunTime:0.000008s ]
INFO: [ app_init ] --END-- [ RunTime:0.000193s ]
INFO: [ app_begin ] --START--
INFO: Run Behavior\ReadHtmlCacheBehavior [ RunTime:0.000237s ]
INFO: [ app_begin ] --END-- [ RunTime:0.000266s ]
NOTIC: [8] Undefined index: p /Library/WebServer/News/Application/Admin/Controller/MenuController.class.php 第 29 行.
SQL: SHOW COLUMNS FROM `cms_menu` [ RunTime:0.0006s ]
SQL: SHOW COLUMNS FROM `cms_menu` [ RunTime:0.0005s ]
NOTIC: [8] Undefined index: type /Library/WebServer/News/Application/Common/Model/MenuModel.class.php 第 48 行.
SQL: SELECT * FROM `cms_menu` WHERE `status` <> -1 ORDER BY listorder desc, menu_id desc LIMIT 0,3   [ RunTime:0.0004s ]
NOTIC: [2] in_array() expects parameter 2 to be array, boolean given /Library/WebServer/News/Application/Common/Model/MenuModel.class.php 第 64 行.
NOTIC: [8] Undefined index: type /Library/WebServer/News/Application/Common/Model/MenuModel.class.php 第 65 行.
SQL: SELECT COUNT(*) AS tp_count FROM `cms_menu` WHERE `status` <> -1 LIMIT 1   [ RunTime:0.0003s ]
INFO: [ view_parse ] --START--
INFO: [ template_filter ] --START--
INFO: Run Behavior\ContentReplaceBehavior [ RunTime:0.000032s ]
INFO: [ template_filter ] --END-- [ RunTime:0.000064s ]
SQL: SHOW COLUMNS FROM `cms_menu` [ RunTime:0.0006s ]
SQL: SELECT * FROM `cms_menu` WHERE `status` <> -1 AND `type` = 1 ORDER BY listorder desc, menu_id desc  [ RunTime:0.0004s ]
NOTIC: [8] Undefined index: prev /Library/WebServer/News/Application/Runtime/Cache/Admin/b956215329b6f9aca22277599a4efdfc.php 第 184 行.
NOTIC: [8] Undefined offset: 4 /Library/WebServer/News/Application/Runtime/Cache/Admin/b956215329b6f9aca22277599a4efdfc.php 第 184 行.
INFO: Run Behavior\ParseTemplateBehavior [ RunTime:0.008048s ]
INFO: [ view_parse ] --END-- [ RunTime:0.008073s ]
INFO: [ view_filter ] --START--
INFO: Run Behavior\WriteHtmlCacheBehavior [ RunTime:0.000136s ]
INFO: [ view_filter ] --END-- [ RunTime:0.000159s ]
INFO: [ app_end ] --START--
INFO: Run Behavior\ShowPageTraceBehavior [ RunTime:0.000703s ]
INFO: [ app_end ] --END-- [ RunTime:0.000749s ]

[ 2017-09-02T09:46:02+08:00 ] 127.0.0.1 /admin.php?c=menu&a=index
INFO: [ app_init ] --START--
INFO: Run Behavior\BuildLiteBehavior [ RunTime:0.000011s ]
INFO: [ app_init ] --END-- [ RunTime:0.000330s ]
INFO: [ app_begin ] --START--
INFO: Run Behavior\ReadHtmlCacheBehavior [ RunTime:0.000283s ]
INFO: [ app_begin ] --END-- [ RunTime:0.000315s ]
NOTIC: [8] Undefined index: p /Library/WebServer/News/Application/Admin/Controller/MenuController.class.php 第 29 行.
SQL: SHOW COLUMNS FROM `cms_menu` [ RunTime:0.0015s ]
SQL: SHOW COLUMNS FROM `cms_menu` [ RunTime:0.0009s ]
NOTIC: [8] Undefined index: type /Library/WebServer/News/Application/Common/Model/MenuModel.class.php 第 48 行.
SQL: SELECT * FROM `cms_menu` WHERE `status` <> -1 ORDER BY listorder desc, menu_id desc LIMIT 0,3   [ RunTime:0.0007s ]
NOTIC: [2] in_array() expects parameter 2 to be array, boolean given /Library/WebServer/News/Application/Common/Model/MenuModel.class.php 第 64 行.
NOTIC: [8] Undefined index: type /Library/WebServer/News/Application/Common/Model/MenuModel.class.php 第 65 行.
SQL: SELECT COUNT(*) AS tp_count FROM `cms_menu` WHERE `status` <> -1 LIMIT 1   [ RunTime:0.0004s ]
INFO: [ view_parse ] --START--
INFO: [ template_filter ] --START--
INFO: Run Behavior\ContentReplaceBehavior [ RunTime:0.000040s ]
INFO: [ template_filter ] --END-- [ RunTime:0.000085s ]
SQL: SHOW COLUMNS FROM `cms_menu` [ RunTime:0.0006s ]
SQL: SELECT * FROM `cms_menu` WHERE `status` <> -1 AND `type` = 1 ORDER BY listorder desc, menu_id desc  [ RunTime:0.0004s ]
NOTIC: [8] Undefined index: prev /Library/WebServer/News/Application/Runtime/Cache/Admin/b956215329b6f9aca22277599a4efdfc.php 第 184 行.
NOTIC: [8] Undefined offset: 4 /Library/WebServer/News/Application/Runtime/Cache/Admin/b956215329b6f9aca22277599a4efdfc.php 第 184 行.
INFO: Run Behavior\ParseTemplateBehavior [ RunTime:0.017327s ]
INFO: [ view_parse ] --END-- [ RunTime:0.017493s ]
INFO: [ view_filter ] --START--
INFO: Run Behavior\WriteHtmlCacheBehavior [ RunTime:0.000163s ]
INFO: [ view_filter ] --END-- [ RunTime:0.000190s ]
INFO: [ app_end ] --START--
INFO: Run Behavior\ShowPageTraceBehavior [ RunTime:0.000586s ]
INFO: [ app_end ] --END-- [ RunTime:0.000638s ]

[ 2017-09-02T09:46:03+08:00 ] 127.0.0.1 /admin.php?c=menu&a=search
INFO: [ app_init ] --START--
INFO: Run Behavior\BuildLiteBehavior [ RunTime:0.000036s ]
INFO: [ app_init ] --END-- [ RunTime:0.000632s ]
INFO: [ app_begin ] --START--
INFO: Run Behavior\ReadHtmlCacheBehavior [ RunTime:0.000396s ]
INFO: [ app_begin ] --END-- [ RunTime:0.000449s ]
SQL: SHOW COLUMNS FROM `cms_menu` [ RunTime:0.0007s ]
SQL: SHOW COLUMNS FROM `cms_menu` [ RunTime:0.0006s ]
NOTIC: [8] Undefined index: type /Library/WebServer/News/Application/Common/Model/MenuModel.class.php 第 48 行.
SQL: SELECT * FROM `cms_menu` WHERE `status` <> -1 ORDER BY listorder desc, menu_id desc LIMIT 6,3   [ RunTime:0.0004s ]
NOTIC: [2] in_array() expects parameter 2 to be array, boolean given /Library/WebServer/News/Application/Common/Model/MenuModel.class.php 第 64 行.
NOTIC: [8] Undefined index: type /Library/WebServer/News/Application/Common/Model/MenuModel.class.php 第 65 行.
SQL: SELECT COUNT(*) AS tp_count FROM `cms_menu` WHERE `status` <> -1 LIMIT 1   [ RunTime:0.0003s ]
ERR: 模板不存在:./Application/Admin/View/Menu/content.html

[ 2017-09-02T09:46:48+08:00 ] 127.0.0.1 /admin.php?c=menu&a=index
INFO: [ app_init ] --START--
INFO: Run Behavior\BuildLiteBehavior [ RunTime:0.000016s ]
INFO: [ app_init ] --END-- [ RunTime:0.000400s ]
INFO: [ app_begin ] --START--
INFO: Run Behavior\ReadHtmlCacheBehavior [ RunTime:0.000495s ]
INFO: [ app_begin ] --END-- [ RunTime:0.000553s ]
NOTIC: [8] Undefined index: p /Library/WebServer/News/Application/Admin/Controller/MenuController.class.php 第 29 行.
SQL: SHOW COLUMNS FROM `cms_menu` [ RunTime:0.0005s ]
SQL: SHOW COLUMNS FROM `cms_menu` [ RunTime:0.0004s ]
NOTIC: [8] Undefined index: type /Library/WebServer/News/Application/Common/Model/MenuModel.class.php 第 48 行.
SQL: SELECT * FROM `cms_menu` WHERE `status` <> -1 ORDER BY listorder desc, menu_id desc LIMIT 0,3   [ RunTime:0.0004s ]
NOTIC: [2] in_array() expects parameter 2 to be array, boolean given /Library/WebServer/News/Application/Common/Model/MenuModel.class.php 第 64 行.
NOTIC: [8] Undefined index: type /Library/WebServer/News/Application/Common/Model/MenuModel.class.php 第 65 行.
SQL: SELECT COUNT(*) AS tp_count FROM `cms_menu` WHERE `status` <> -1 LIMIT 1   [ RunTime:0.0003s ]
INFO: [ view_parse ] --START--
INFO: [ template_filter ] --START--
INFO: Run Behavior\ContentReplaceBehavior [ RunTime:0.000032s ]
INFO: [ template_filter ] --END-- [ RunTime:0.000062s ]
SQL: SHOW COLUMNS FROM `cms_menu` [ RunTime:0.0008s ]
SQL: SELECT * FROM `cms_menu` WHERE `status` <> -1 AND `type` = 1 ORDER BY listorder desc, menu_id desc  [ RunTime:0.0005s ]
NOTIC: [8] Undefined index: prev /Library/WebServer/News/Application/Runtime/Cache/Admin/b956215329b6f9aca22277599a4efdfc.php 第 184 行.
NOTIC: [8] Undefined offset: 4 /Library/WebServer/News/Application/Runtime/Cache/Admin/b956215329b6f9aca22277599a4efdfc.php 第 184 行.
INFO: Run Behavior\ParseTemplateBehavior [ RunTime:0.008869s ]
INFO: [ view_parse ] --END-- [ RunTime:0.008899s ]
INFO: [ view_filter ] --START--
INFO: Run Behavior\WriteHtmlCacheBehavior [ RunTime:0.000175s ]
INFO: [ view_filter ] --END-- [ RunTime:0.000204s ]
INFO: [ app_end ] --START--
INFO: Run Behavior\ShowPageTraceBehavior [ RunTime:0.000680s ]
INFO: [ app_end ] --END-- [ RunTime:0.000737s ]

[ 2017-09-02T09:46:48+08:00 ] 127.0.0.1 /admin.php?c=menu&a=index
INFO: [ app_init ] --START--
INFO: Run Behavior\BuildLiteBehavior [ RunTime:0.000010s ]
INFO: [ app_init ] --END-- [ RunTime:0.000325s ]
INFO: [ app_begin ] --START--
INFO: Run Behavior\ReadHtmlCacheBehavior [ RunTime:0.000302s ]
INFO: [ app_begin ] --END-- [ RunTime:0.000335s ]
NOTIC: [8] Undefined index: p /Library/WebServer/News/Application/Admin/Controller/MenuController.class.php 第 29 行.
SQL: SHOW COLUMNS FROM `cms_menu` [ RunTime:0.0006s ]
SQL: SHOW COLUMNS FROM `cms_menu` [ RunTime:0.0005s ]
NOTIC: [8] Undefined index: type /Library/WebServer/News/Application/Common/Model/MenuModel.class.php 第 48 行.
SQL: SELECT * FROM `cms_menu` WHERE `status` <> -1 ORDER BY listorder desc, menu_id desc LIMIT 0,3   [ RunTime:0.0006s ]
NOTIC: [2] in_array() expects parameter 2 to be array, boolean given /Library/WebServer/News/Application/Common/Model/MenuModel.class.php 第 64 行.
NOTIC: [8] Undefined index: type /Library/WebServer/News/Application/Common/Model/MenuModel.class.php 第 65 行.
SQL: SELECT COUNT(*) AS tp_count FROM `cms_menu` WHERE `status` <> -1 LIMIT 1   [ RunTime:0.0004s ]
INFO: [ view_parse ] --START--
INFO: [ template_filter ] --START--
INFO: Run Behavior\ContentReplaceBehavior [ RunTime:0.000070s ]
INFO: [ template_filter ] --END-- [ RunTime:0.000106s ]
SQL: SHOW COLUMNS FROM `cms_menu` [ RunTime:0.0006s ]
SQL: SELECT * FROM `cms_menu` WHERE `status` <> -1 AND `type` = 1 ORDER BY listorder desc, menu_id desc  [ RunTime:0.0004s ]
NOTIC: [8] Undefined index: prev /Library/WebServer/News/Application/Runtime/Cache/Admin/b956215329b6f9aca22277599a4efdfc.php 第 184 行.
NOTIC: [8] Undefined offset: 4 /Library/WebServer/News/Application/Runtime/Cache/Admin/b956215329b6f9aca22277599a4efdfc.php 第 184 行.
INFO: Run Behavior\ParseTemplateBehavior [ RunTime:0.011342s ]
INFO: [ view_parse ] --END-- [ RunTime:0.011385s ]
INFO: [ view_filter ] --START--
INFO: Run Behavior\WriteHtmlCacheBehavior [ RunTime:0.000147s ]
INFO: [ view_filter ] --END-- [ RunTime:0.000170s ]
INFO: [ app_end ] --START--
INFO: Run Behavior\ShowPageTraceBehavior [ RunTime:0.000752s ]
INFO: [ app_end ] --END-- [ RunTime:0.000826s ]

[ 2017-09-02T09:46:49+08:00 ] 127.0.0.1 /admin.php?c=menu&a=index
INFO: [ app_init ] --START--
INFO: Run Behavior\BuildLiteBehavior [ RunTime:0.000054s ]
INFO: [ app_init ] --END-- [ RunTime:0.000277s ]
INFO: [ app_begin ] --START--
INFO: Run Behavior\ReadHtmlCacheBehavior [ RunTime:0.000331s ]
INFO: [ app_begin ] --END-- [ RunTime:0.000380s ]
NOTIC: [8] Undefined index: p /Library/WebServer/News/Application/Admin/Controller/MenuController.class.php 第 29 行.
SQL: SHOW COLUMNS FROM `cms_menu` [ RunTime:0.0006s ]
SQL: SHOW COLUMNS FROM `cms_menu` [ RunTime:0.0005s ]
NOTIC: [8] Undefined index: type /Library/WebServer/News/Application/Common/Model/MenuModel.class.php 第 48 行.
SQL: SELECT * FROM `cms_menu` WHERE `status` <> -1 ORDER BY listorder desc, menu_id desc LIMIT 0,3   [ RunTime:0.0005s ]
NOTIC: [2] in_array() expects parameter 2 to be array, boolean given /Library/WebServer/News/Application/Common/Model/MenuModel.class.php 第 64 行.
NOTIC: [8] Undefined index: type /Library/WebServer/News/Application/Common/Model/MenuModel.class.php 第 65 行.
SQL: SELECT COUNT(*) AS tp_count FROM `cms_menu` WHERE `status` <> -1 LIMIT 1   [ RunTime:0.0003s ]
INFO: [ view_parse ] --START--
INFO: [ template_filter ] --START--
INFO: Run Behavior\ContentReplaceBehavior [ RunTime:0.000042s ]
INFO: [ template_filter ] --END-- [ RunTime:0.000086s ]
SQL: SHOW COLUMNS FROM `cms_menu` [ RunTime:0.0009s ]
SQL: SELECT * FROM `cms_menu` WHERE `status` <> -1 AND `type` = 1 ORDER BY listorder desc, menu_id desc  [ RunTime:0.0006s ]
NOTIC: [8] Undefined index: prev /Library/WebServer/News/Application/Runtime/Cache/Admin/b956215329b6f9aca22277599a4efdfc.php 第 184 行.
NOTIC: [8] Undefined offset: 4 /Library/WebServer/News/Application/Runtime/Cache/Admin/b956215329b6f9aca22277599a4efdfc.php 第 184 行.
INFO: Run Behavior\ParseTemplateBehavior [ RunTime:0.013162s ]
INFO: [ view_parse ] --END-- [ RunTime:0.013202s ]
INFO: [ view_filter ] --START--
INFO: Run Behavior\WriteHtmlCacheBehavior [ RunTime:0.000197s ]
INFO: [ view_filter ] --END-- [ RunTime:0.000236s ]
INFO: [ app_end ] --START--
INFO: Run Behavior\ShowPageTraceBehavior [ RunTime:0.000684s ]
INFO: [ app_end ] --END-- [ RunTime:0.000755s ]

[ 2017-09-02T09:46:50+08:00 ] 127.0.0.1 /admin.php?c=menu&a=index
INFO: [ app_init ] --START--
INFO: Run Behavior\BuildLiteBehavior [ RunTime:0.000016s ]
INFO: [ app_init ] --END-- [ RunTime:0.000396s ]
INFO: [ app_begin ] --START--
INFO: Run Behavior\ReadHtmlCacheBehavior [ RunTime:0.000313s ]
INFO: [ app_begin ] --END-- [ RunTime:0.000356s ]
NOTIC: [8] Undefined index: p /Library/WebServer/News/Application/Admin/Controller/MenuController.class.php 第 29 行.
SQL: SHOW COLUMNS FROM `cms_menu` [ RunTime:0.0005s ]
SQL: SHOW COLUMNS FROM `cms_menu` [ RunTime:0.0005s ]
NOTIC: [8] Undefined index: type /Library/WebServer/News/Application/Common/Model/MenuModel.class.php 第 48 行.
SQL: SELECT * FROM `cms_menu` WHERE `status` <> -1 ORDER BY listorder desc, menu_id desc LIMIT 0,3   [ RunTime:0.0004s ]
NOTIC: [2] in_array() expects parameter 2 to be array, boolean given /Library/WebServer/News/Application/Common/Model/MenuModel.class.php 第 64 行.
NOTIC: [8] Undefined index: type /Library/WebServer/News/Application/Common/Model/MenuModel.class.php 第 65 行.
SQL: SELECT COUNT(*) AS tp_count FROM `cms_menu` WHERE `status` <> -1 LIMIT 1   [ RunTime:0.0003s ]
INFO: [ view_parse ] --START--
INFO: [ template_filter ] --START--
INFO: Run Behavior\ContentReplaceBehavior [ RunTime:0.000043s ]
INFO: [ template_filter ] --END-- [ RunTime:0.000085s ]
SQL: SHOW COLUMNS FROM `cms_menu` [ RunTime:0.0010s ]
SQL: SELECT * FROM `cms_menu` WHERE `status` <> -1 AND `type` = 1 ORDER BY listorder desc, menu_id desc  [ RunTime:0.0006s ]
NOTIC: [8] Undefined index: prev /Library/WebServer/News/Application/Runtime/Cache/Admin/b956215329b6f9aca22277599a4efdfc.php 第 184 行.
NOTIC: [8] Undefined offset: 4 /Library/WebServer/News/Application/Runtime/Cache/Admin/b956215329b6f9aca22277599a4efdfc.php 第 184 行.
INFO: Run Behavior\ParseTemplateBehavior [ RunTime:0.010570s ]
INFO: [ view_parse ] --END-- [ RunTime:0.010599s ]
INFO: [ view_filter ] --START--
INFO: Run Behavior\WriteHtmlCacheBehavior [ RunTime:0.000170s ]
INFO: [ view_filter ] --END-- [ RunTime:0.000194s ]
INFO: [ app_end ] --START--
INFO: Run Behavior\ShowPageTraceBehavior [ RunTime:0.000591s ]
INFO: [ app_end ] --END-- [ RunTime:0.000628s ]

[ 2017-09-02T09:46:51+08:00 ] 127.0.0.1 /admin.php?c=menu&a=search
INFO: [ app_init ] --START--
INFO: Run Behavior\BuildLiteBehavior [ RunTime:0.000027s ]
INFO: [ app_init ] --END-- [ RunTime:0.000837s ]
INFO: [ app_begin ] --START--
INFO: Run Behavior\ReadHtmlCacheBehavior [ RunTime:0.000464s ]
INFO: [ app_begin ] --END-- [ RunTime:0.000720s ]
SQL: SHOW COLUMNS FROM `cms_menu` [ RunTime:0.0005s ]
SQL: SHOW COLUMNS FROM `cms_menu` [ RunTime:0.0004s ]
NOTIC: [8] Undefined index: type /Library/WebServer/News/Application/Common/Model/MenuModel.class.php 第 48 行.
SQL: SELECT * FROM `cms_menu` WHERE `status` <> -1 ORDER BY listorder desc, menu_id desc LIMIT 6,3   [ RunTime:0.0004s ]
NOTIC: [2] in_array() expects parameter 2 to be array, boolean given /Library/WebServer/News/Application/Common/Model/MenuModel.class.php 第 64 行.
NOTIC: [8] Undefined index: type /Library/WebServer/News/Application/Common/Model/MenuModel.class.php 第 65 行.
SQL: SELECT COUNT(*) AS tp_count FROM `cms_menu` WHERE `status` <> -1 LIMIT 1   [ RunTime:0.0003s ]
ERR: 模板不存在:./Application/Admin/View/Menu/content.html

[ 2017-09-02T09:47:14+08:00 ] 127.0.0.1 /admin.php?c=menu&a=search
INFO: [ app_init ] --START--
INFO: Run Behavior\BuildLiteBehavior [ RunTime:0.000008s ]
INFO: [ app_init ] --END-- [ RunTime:0.000197s ]
INFO: [ app_begin ] --START--
INFO: Run Behavior\ReadHtmlCacheBehavior [ RunTime:0.000255s ]
INFO: [ app_begin ] --END-- [ RunTime:0.000284s ]
SQL: SHOW COLUMNS FROM `cms_menu` [ RunTime:0.0009s ]
SQL: SHOW COLUMNS FROM `cms_menu` [ RunTime:0.0015s ]
NOTIC: [8] Undefined index: type /Library/WebServer/News/Application/Common/Model/MenuModel.class.php 第 48 行.
SQL: SELECT * FROM `cms_menu` WHERE `status` <> -1 ORDER BY listorder desc, menu_id desc LIMIT 3,3   [ RunTime:0.0004s ]
NOTIC: [2] in_array() expects parameter 2 to be array, boolean given /Library/WebServer/News/Application/Common/Model/MenuModel.class.php 第 64 行.
NOTIC: [8] Undefined index: type /Library/WebServer/News/Application/Common/Model/MenuModel.class.php 第 65 行.
SQL: SELECT COUNT(*) AS tp_count FROM `cms_menu` WHERE `status` <> -1 LIMIT 1   [ RunTime:0.0003s ]
ERR: 模板不存在:./Application/Admin/View/Menu/content.html

[ 2017-09-02T09:47:16+08:00 ] 127.0.0.1 /admin.php?c=menu&a=search
INFO: [ app_init ] --START--
INFO: Run Behavior\BuildLiteBehavior [ RunTime:0.000017s ]
INFO: [ app_init ] --END-- [ RunTime:0.000351s ]
INFO: [ app_begin ] --START--
INFO: Run Behavior\ReadHtmlCacheBehavior [ RunTime:0.001083s ]
INFO: [ app_begin ] --END-- [ RunTime:0.001187s ]
SQL: SHOW COLUMNS FROM `cms_menu` [ RunTime:0.0005s ]
SQL: SHOW COLUMNS FROM `cms_menu` [ RunTime:0.0005s ]
NOTIC: [8] Undefined index: type /Library/WebServer/News/Application/Common/Model/MenuModel.class.php 第 48 行.
SQL: SELECT * FROM `cms_menu` WHERE `status` <> -1 ORDER BY listorder desc, menu_id desc LIMIT 3,3   [ RunTime:0.0017s ]
NOTIC: [2] in_array() expects parameter 2 to be array, boolean given /Library/WebServer/News/Application/Common/Model/MenuModel.class.php 第 64 行.
NOTIC: [8] Undefined index: type /Library/WebServer/News/Application/Common/Model/MenuModel.class.php 第 65 行.
SQL: SELECT COUNT(*) AS tp_count FROM `cms_menu` WHERE `status` <> -1 LIMIT 1   [ RunTime:0.0006s ]
ERR: 模板不存在:./Application/Admin/View/Menu/content.html

[ 2017-09-02T09:47:18+08:00 ] 127.0.0.1 /admin.php?c=menu&a=search
INFO: [ app_init ] --START--
INFO: Run Behavior\BuildLiteBehavior [ RunTime:0.000012s ]
INFO: [ app_init ] --END-- [ RunTime:0.000503s ]
INFO: [ app_begin ] --START--
INFO: Run Behavior\ReadHtmlCacheBehavior [ RunTime:0.000268s ]
INFO: [ app_begin ] --END-- [ RunTime:0.000297s ]
SQL: SHOW COLUMNS FROM `cms_menu` [ RunTime:0.0008s ]
SQL: SHOW COLUMNS FROM `cms_menu` [ RunTime:0.0007s ]
NOTIC: [8] Undefined index: type /Library/WebServer/News/Application/Common/Model/MenuModel.class.php 第 48 行.
SQL: SELECT * FROM `cms_menu` WHERE `status` <> -1 ORDER BY listorder desc, menu_id desc LIMIT 3,3   [ RunTime:0.0007s ]
NOTIC: [2] in_array() expects parameter 2 to be array, boolean given /Library/WebServer/News/Application/Common/Model/MenuModel.class.php 第 64 行.
NOTIC: [8] Undefined index: type /Library/WebServer/News/Application/Common/Model/MenuModel.class.php 第 65 行.
SQL: SELECT COUNT(*) AS tp_count FROM `cms_menu` WHERE `status` <> -1 LIMIT 1   [ RunTime:0.0002s ]
ERR: 模板不存在:./Application/Admin/View/Menu/content.html

[ 2017-09-02T09:47:22+08:00 ] 127.0.0.1 /admin.php?c=menu&a=search
INFO: [ app_init ] --START--
INFO: Run Behavior\BuildLiteBehavior [ RunTime:0.000010s ]
INFO: [ app_init ] --END-- [ RunTime:0.000221s ]
INFO: [ app_begin ] --START--
INFO: Run Behavior\ReadHtmlCacheBehavior [ RunTime:0.000287s ]
INFO: [ app_begin ] --END-- [ RunTime:0.000322s ]
SQL: SHOW COLUMNS FROM `cms_menu` [ RunTime:0.0005s ]
SQL: SHOW COLUMNS FROM `cms_menu` [ RunTime:0.0005s ]
NOTIC: [8] Undefined index: type /Library/WebServer/News/Application/Common/Model/MenuModel.class.php 第 48 行.
SQL: SELECT * FROM `cms_menu` WHERE `status` <> -1 ORDER BY listorder desc, menu_id desc LIMIT 3,3   [ RunTime:0.0004s ]
NOTIC: [2] in_array() expects parameter 2 to be array, boolean given /Library/WebServer/News/Application/Common/Model/MenuModel.class.php 第 64 行.
NOTIC: [8] Undefined index: type /Library/WebServer/News/Application/Common/Model/MenuModel.class.php 第 65 行.
SQL: SELECT COUNT(*) AS tp_count FROM `cms_menu` WHERE `status` <> -1 LIMIT 1   [ RunTime:0.0003s ]
ERR: 模板不存在:./Application/Admin/View/Menu/content.html

[ 2017-09-02T09:47:33+08:00 ] 127.0.0.1 /admin.php?c=menu&a=search
INFO: [ app_init ] --START--
INFO: Run Behavior\BuildLiteBehavior [ RunTime:0.000010s ]
INFO: [ app_init ] --END-- [ RunTime:0.000243s ]
INFO: [ app_begin ] --START--
INFO: Run Behavior\ReadHtmlCacheBehavior [ RunTime:0.000323s ]
INFO: [ app_begin ] --END-- [ RunTime:0.000367s ]
SQL: SHOW COLUMNS FROM `cms_menu` [ RunTime:0.0008s ]
SQL: SHOW COLUMNS FROM `cms_menu` [ RunTime:0.0005s ]
NOTIC: [8] Undefined index: type /Library/WebServer/News/Application/Common/Model/MenuModel.class.php 第 48 行.
SQL: SELECT * FROM `cms_menu` WHERE `status` <> -1 ORDER BY listorder desc, menu_id desc LIMIT 3,3   [ RunTime:0.0004s ]
NOTIC: [2] in_array() expects parameter 2 to be array, boolean given /Library/WebServer/News/Application/Common/Model/MenuModel.class.php 第 64 行.
NOTIC: [8] Undefined index: type /Library/WebServer/News/Application/Common/Model/MenuModel.class.php 第 65 行.
SQL: SELECT COUNT(*) AS tp_count FROM `cms_menu` WHERE `status` <> -1 LIMIT 1   [ RunTime:0.0003s ]
ERR: 模板不存在:./Application/Admin/View/Menu/content.html

[ 2017-09-02T09:47:43+08:00 ] 127.0.0.1 /admin.php?c=menu&a=index
INFO: [ app_init ] --START--
INFO: Run Behavior\BuildLiteBehavior [ RunTime:0.000009s ]
INFO: [ app_init ] --END-- [ RunTime:0.000212s ]
INFO: [ app_begin ] --START--
INFO: Run Behavior\ReadHtmlCacheBehavior [ RunTime:0.000252s ]
INFO: [ app_begin ] --END-- [ RunTime:0.000280s ]
NOTIC: [8] Undefined index: p /Library/WebServer/News/Application/Admin/Controller/MenuController.class.php 第 29 行.
SQL: SHOW COLUMNS FROM `cms_menu` [ RunTime:0.0005s ]
SQL: SHOW COLUMNS FROM `cms_menu` [ RunTime:0.0005s ]
NOTIC: [8] Undefined index: type /Library/WebServer/News/Application/Common/Model/MenuModel.class.php 第 48 行.
SQL: SELECT * FROM `cms_menu` WHERE `status` <> -1 ORDER BY listorder desc, menu_id desc LIMIT 0,3   [ RunTime:0.0004s ]
NOTIC: [2] in_array() expects parameter 2 to be array, boolean given /Library/WebServer/News/Application/Common/Model/MenuModel.class.php 第 64 行.
NOTIC: [8] Undefined index: type /Library/WebServer/News/Application/Common/Model/MenuModel.class.php 第 65 行.
SQL: SELECT COUNT(*) AS tp_count FROM `cms_menu` WHERE `status` <> -1 LIMIT 1   [ RunTime:0.0003s ]
INFO: [ view_parse ] --START--
INFO: [ template_filter ] --START--
INFO: Run Behavior\ContentReplaceBehavior [ RunTime:0.000035s ]
INFO: [ template_filter ] --END-- [ RunTime:0.000072s ]
SQL: SHOW COLUMNS FROM `cms_menu` [ RunTime:0.0007s ]
SQL: SELECT * FROM `cms_menu` WHERE `status` <> -1 AND `type` = 1 ORDER BY listorder desc, menu_id desc  [ RunTime:0.0004s ]
NOTIC: [8] Undefined index: prev /Library/WebServer/News/Application/Runtime/Cache/Admin/b956215329b6f9aca22277599a4efdfc.php 第 184 行.
NOTIC: [8] Undefined offset: 4 /Library/WebServer/News/Application/Runtime/Cache/Admin/b956215329b6f9aca22277599a4efdfc.php 第 184 行.
INFO: Run Behavior\ParseTemplateBehavior [ RunTime:0.010482s ]
INFO: [ view_parse ] --END-- [ RunTime:0.010506s ]
INFO: [ view_filter ] --START--
INFO: Run Behavior\WriteHtmlCacheBehavior [ RunTime:0.000137s ]
INFO: [ view_filter ] --END-- [ RunTime:0.000160s ]
INFO: [ app_end ] --START--
INFO: Run Behavior\ShowPageTraceBehavior [ RunTime:0.000563s ]
INFO: [ app_end ] --END-- [ RunTime:0.000650s ]

[ 2017-09-02T09:47:46+08:00 ] 127.0.0.1 /admin.php?c=menu&a=search
INFO: [ app_init ] --START--
INFO: Run Behavior\BuildLiteBehavior [ RunTime:0.000010s ]
INFO: [ app_init ] --END-- [ RunTime:0.000203s ]
INFO: [ app_begin ] --START--
INFO: Run Behavior\ReadHtmlCacheBehavior [ RunTime:0.000248s ]
INFO: [ app_begin ] --END-- [ RunTime:0.000274s ]
SQL: SHOW COLUMNS FROM `cms_menu` [ RunTime:0.0005s ]
SQL: SHOW COLUMNS FROM `cms_menu` [ RunTime:0.0007s ]
NOTIC: [8] Undefined index: type /Library/WebServer/News/Application/Common/Model/MenuModel.class.php 第 48 行.
SQL: SELECT * FROM `cms_menu` WHERE `status` <> -1 ORDER BY listorder desc, menu_id desc LIMIT 0,3   [ RunTime:0.0004s ]
NOTIC: [2] in_array() expects parameter 2 to be array, boolean given /Library/WebServer/News/Application/Common/Model/MenuModel.class.php 第 64 行.
NOTIC: [8] Undefined index: type /Library/WebServer/News/Application/Common/Model/MenuModel.class.php 第 65 行.
SQL: SELECT COUNT(*) AS tp_count FROM `cms_menu` WHERE `status` <> -1 LIMIT 1   [ RunTime:0.0003s ]
ERR: 模板不存在:./Application/Admin/View/Menu/content.html

[ 2017-09-02T09:47:47+08:00 ] 127.0.0.1 /admin.php?c=menu&a=search
INFO: [ app_init ] --START--
INFO: Run Behavior\BuildLiteBehavior [ RunTime:0.000011s ]
INFO: [ app_init ] --END-- [ RunTime:0.000259s ]
INFO: [ app_begin ] --START--
INFO: Run Behavior\ReadHtmlCacheBehavior [ RunTime:0.000240s ]
INFO: [ app_begin ] --END-- [ RunTime:0.000266s ]
SQL: SHOW COLUMNS FROM `cms_menu` [ RunTime:0.0006s ]
SQL: SHOW COLUMNS FROM `cms_menu` [ RunTime:0.0007s ]
NOTIC: [8] Undefined index: type /Library/WebServer/News/Application/Common/Model/MenuModel.class.php 第 48 行.
SQL: SELECT * FROM `cms_menu` WHERE `status` <> -1 ORDER BY listorder desc, menu_id desc LIMIT 0,3   [ RunTime:0.0008s ]
NOTIC: [2] in_array() expects parameter 2 to be array, boolean given /Library/WebServer/News/Application/Common/Model/MenuModel.class.php 第 64 行.
NOTIC: [8] Undefined index: type /Library/WebServer/News/Application/Common/Model/MenuModel.class.php 第 65 行.
SQL: SELECT COUNT(*) AS tp_count FROM `cms_menu` WHERE `status` <> -1 LIMIT 1   [ RunTime:0.0002s ]
ERR: 模板不存在:./Application/Admin/View/Menu/content.html

[ 2017-09-02T09:47:47+08:00 ] 127.0.0.1 /admin.php?c=menu&a=index
INFO: [ app_init ] --START--
INFO: Run Behavior\BuildLiteBehavior [ RunTime:0.000009s ]
INFO: [ app_init ] --END-- [ RunTime:0.000192s ]
INFO: [ app_begin ] --START--
INFO: Run Behavior\ReadHtmlCacheBehavior [ RunTime:0.000240s ]
INFO: [ app_begin ] --END-- [ RunTime:0.000268s ]
NOTIC: [8] Undefined index: p /Library/WebServer/News/Application/Admin/Controller/MenuController.class.php 第 29 行.
SQL: SHOW COLUMNS FROM `cms_menu` [ RunTime:0.0005s ]
SQL: SHOW COLUMNS FROM `cms_menu` [ RunTime:0.0005s ]
NOTIC: [8] Undefined index: type /Library/WebServer/News/Application/Common/Model/MenuModel.class.php 第 48 行.
SQL: SELECT * FROM `cms_menu` WHERE `status` <> -1 ORDER BY listorder desc, menu_id desc LIMIT 0,3   [ RunTime:0.0003s ]
NOTIC: [2] in_array() expects parameter 2 to be array, boolean given /Library/WebServer/News/Application/Common/Model/MenuModel.class.php 第 64 行.
NOTIC: [8] Undefined index: type /Library/WebServer/News/Application/Common/Model/MenuModel.class.php 第 65 行.
SQL: SELECT COUNT(*) AS tp_count FROM `cms_menu` WHERE `status` <> -1 LIMIT 1   [ RunTime:0.0003s ]
INFO: [ view_parse ] --START--
INFO: [ template_filter ] --START--
INFO: Run Behavior\ContentReplaceBehavior [ RunTime:0.000046s ]
INFO: [ template_filter ] --END-- [ RunTime:0.000096s ]
SQL: SHOW COLUMNS FROM `cms_menu` [ RunTime:0.0007s ]
SQL: SELECT * FROM `cms_menu` WHERE `status` <> -1 AND `type` = 1 ORDER BY listorder desc, menu_id desc  [ RunTime:0.0004s ]
NOTIC: [8] Undefined index: prev /Library/WebServer/News/Application/Runtime/Cache/Admin/b956215329b6f9aca22277599a4efdfc.php 第 184 行.
NOTIC: [8] Undefined offset: 4 /Library/WebServer/News/Application/Runtime/Cache/Admin/b956215329b6f9aca22277599a4efdfc.php 第 184 行.
INFO: Run Behavior\ParseTemplateBehavior [ RunTime:0.009366s ]
INFO: [ view_parse ] --END-- [ RunTime:0.009433s ]
INFO: [ view_filter ] --START--
INFO: Run Behavior\WriteHtmlCacheBehavior [ RunTime:0.000149s ]
INFO: [ view_filter ] --END-- [ RunTime:0.000177s ]
INFO: [ app_end ] --START--
INFO: Run Behavior\ShowPageTraceBehavior [ RunTime:0.000576s ]
INFO: [ app_end ] --END-- [ RunTime:0.000638s ]

[ 2017-09-02T09:47:54+08:00 ] 127.0.0.1 /admin.php?c=menu&a=index
INFO: [ app_init ] --START--
INFO: Run Behavior\BuildLiteBehavior [ RunTime:0.000016s ]
INFO: [ app_init ] --END-- [ RunTime:0.000453s ]
INFO: [ app_begin ] --START--
INFO: Run Behavior\ReadHtmlCacheBehavior [ RunTime:0.000492s ]
INFO: [ app_begin ] --END-- [ RunTime:0.000556s ]
NOTIC: [8] Undefined index: p /Library/WebServer/News/Application/Admin/Controller/MenuController.class.php 第 29 行.
SQL: SHOW COLUMNS FROM `cms_menu` [ RunTime:0.0008s ]
SQL: SHOW COLUMNS FROM `cms_menu` [ RunTime:0.0008s ]
NOTIC: [8] Undefined index: type /Library/WebServer/News/Application/Common/Model/MenuModel.class.php 第 48 行.
SQL: SELECT * FROM `cms_menu` WHERE `status` <> -1 ORDER BY listorder desc, menu_id desc LIMIT 0,3   [ RunTime:0.0006s ]
NOTIC: [2] in_array() expects parameter 2 to be array, boolean given /Library/WebServer/News/Application/Common/Model/MenuModel.class.php 第 64 行.
NOTIC: [8] Undefined index: type /Library/WebServer/News/Application/Common/Model/MenuModel.class.php 第 65 行.
SQL: SELECT COUNT(*) AS tp_count FROM `cms_menu` WHERE `status` <> -1 LIMIT 1   [ RunTime:0.0003s ]
INFO: [ view_parse ] --START--
INFO: [ template_filter ] --START--
INFO: Run Behavior\ContentReplaceBehavior [ RunTime:0.000051s ]
INFO: [ template_filter ] --END-- [ RunTime:0.000135s ]
SQL: SHOW COLUMNS FROM `cms_menu` [ RunTime:0.0010s ]
SQL: SELECT * FROM `cms_menu` WHERE `status` <> -1 AND `type` = 1 ORDER BY listorder desc, menu_id desc  [ RunTime:0.0007s ]
NOTIC: [8] Undefined index: prev /Library/WebServer/News/Application/Runtime/Cache/Admin/b956215329b6f9aca22277599a4efdfc.php 第 184 行.
NOTIC: [8] Undefined offset: 4 /Library/WebServer/News/Application/Runtime/Cache/Admin/b956215329b6f9aca22277599a4efdfc.php 第 184 行.
INFO: Run Behavior\ParseTemplateBehavior [ RunTime:0.017795s ]
INFO: [ view_parse ] --END-- [ RunTime:0.017832s ]
INFO: [ view_filter ] --START--
INFO: Run Behavior\WriteHtmlCacheBehavior [ RunTime:0.000165s ]
INFO: [ view_filter ] --END-- [ RunTime:0.000189s ]
INFO: [ app_end ] --START--
INFO: Run Behavior\ShowPageTraceBehavior [ RunTime:0.003471s ]
INFO: [ app_end ] --END-- [ RunTime:0.003536s ]

[ 2017-09-02T09:47:56+08:00 ] 127.0.0.1 /admin.php?c=menu&a=search
INFO: [ app_init ] --START--
INFO: Run Behavior\BuildLiteBehavior [ RunTime:0.000011s ]
INFO: [ app_init ] --END-- [ RunTime:0.000265s ]
INFO: [ app_begin ] --START--
INFO: Run Behavior\ReadHtmlCacheBehavior [ RunTime:0.000269s ]
INFO: [ app_begin ] --END-- [ RunTime:0.000298s ]
SQL: SHOW COLUMNS FROM `cms_menu` [ RunTime:0.0006s ]
SQL: SHOW COLUMNS FROM `cms_menu` [ RunTime:0.0005s ]
NOTIC: [8] Undefined index: type /Library/WebServer/News/Application/Common/Model/MenuModel.class.php 第 48 行.
SQL: SELECT * FROM `cms_menu` WHERE `status` <> -1 ORDER BY listorder desc, menu_id desc LIMIT 3,3   [ RunTime:0.0004s ]
NOTIC: [2] in_array() expects parameter 2 to be array, boolean given /Library/WebServer/News/Application/Common/Model/MenuModel.class.php 第 64 行.
NOTIC: [8] Undefined index: type /Library/WebServer/News/Application/Common/Model/MenuModel.class.php 第 65 行.
SQL: SELECT COUNT(*) AS tp_count FROM `cms_menu` WHERE `status` <> -1 LIMIT 1   [ RunTime:0.0003s ]
ERR: 模板不存在:./Application/Admin/View/Menu/content.html

[ 2017-09-02T09:48:00+08:00 ] 127.0.0.1 /admin.php?c=menu&a=search
INFO: [ app_init ] --START--
INFO: Run Behavior\BuildLiteBehavior [ RunTime:0.000010s ]
INFO: [ app_init ] --END-- [ RunTime:0.000218s ]
INFO: [ app_begin ] --START--
INFO: Run Behavior\ReadHtmlCacheBehavior [ RunTime:0.000254s ]
INFO: [ app_begin ] --END-- [ RunTime:0.000281s ]
SQL: SHOW COLUMNS FROM `cms_menu` [ RunTime:0.0006s ]
SQL: SHOW COLUMNS FROM `cms_menu` [ RunTime:0.0004s ]
NOTIC: [8] Undefined index: type /Library/WebServer/News/Application/Common/Model/MenuModel.class.php 第 48 行.
SQL: SELECT * FROM `cms_menu` WHERE `status` <> -1 ORDER BY listorder desc, menu_id desc LIMIT 3,3   [ RunTime:0.0004s ]
NOTIC: [2] in_array() expects parameter 2 to be array, boolean given /Library/WebServer/News/Application/Common/Model/MenuModel.class.php 第 64 行.
NOTIC: [8] Undefined index: type /Library/WebServer/News/Application/Common/Model/MenuModel.class.php 第 65 行.
SQL: SELECT COUNT(*) AS tp_count FROM `cms_menu` WHERE `status` <> -1 LIMIT 1   [ RunTime:0.0003s ]
ERR: 模板不存在:./Application/Admin/View/Menu/content.html

[ 2017-09-02T09:48:01+08:00 ] 127.0.0.1 /admin.php?c=menu&a=search
INFO: [ app_init ] --START--
INFO: Run Behavior\BuildLiteBehavior [ RunTime:0.000032s ]
INFO: [ app_init ] --END-- [ RunTime:0.000663s ]
INFO: [ app_begin ] --START--
INFO: Run Behavior\ReadHtmlCacheBehavior [ RunTime:0.000454s ]
INFO: [ app_begin ] --END-- [ RunTime:0.000509s ]
SQL: SHOW COLUMNS FROM `cms_menu` [ RunTime:0.0007s ]
SQL: SHOW COLUMNS FROM `cms_menu` [ RunTime:0.0005s ]
NOTIC: [8] Undefined index: type /Library/WebServer/News/Application/Common/Model/MenuModel.class.php 第 48 行.
SQL: SELECT * FROM `cms_menu` WHERE `status` <> -1 ORDER BY listorder desc, menu_id desc LIMIT 6,3   [ RunTime:0.0004s ]
NOTIC: [2] in_array() expects parameter 2 to be array, boolean given /Library/WebServer/News/Application/Common/Model/MenuModel.class.php 第 64 行.
NOTIC: [8] Undefined index: type /Library/WebServer/News/Application/Common/Model/MenuModel.class.php 第 65 行.
SQL: SELECT COUNT(*) AS tp_count FROM `cms_menu` WHERE `status` <> -1 LIMIT 1   [ RunTime:0.0003s ]
ERR: 模板不存在:./Application/Admin/View/Menu/content.html

[ 2017-09-02T09:48:07+08:00 ] 127.0.0.1 /admin.php?c=menu&a=index
INFO: [ app_init ] --START--
INFO: Run Behavior\BuildLiteBehavior [ RunTime:0.000015s ]
INFO: [ app_init ] --END-- [ RunTime:0.000360s ]
INFO: [ app_begin ] --START--
INFO: Run Behavior\ReadHtmlCacheBehavior [ RunTime:0.000452s ]
INFO: [ app_begin ] --END-- [ RunTime:0.000510s ]
NOTIC: [8] Undefined index: p /Library/WebServer/News/Application/Admin/Controller/MenuController.class.php 第 29 行.
SQL: SHOW COLUMNS FROM `cms_menu` [ RunTime:0.0008s ]
SQL: SHOW COLUMNS FROM `cms_menu` [ RunTime:0.0008s ]
NOTIC: [8] Undefined index: type /Library/WebServer/News/Application/Common/Model/MenuModel.class.php 第 48 行.
SQL: SELECT * FROM `cms_menu` WHERE `status` <> -1 ORDER BY listorder desc, menu_id desc LIMIT 0,3   [ RunTime:0.0006s ]
NOTIC: [2] in_array() expects parameter 2 to be array, boolean given /Library/WebServer/News/Application/Common/Model/MenuModel.class.php 第 64 行.
NOTIC: [8] Undefined index: type /Library/WebServer/News/Application/Common/Model/MenuModel.class.php 第 65 行.
SQL: SELECT COUNT(*) AS tp_count FROM `cms_menu` WHERE `status` <> -1 LIMIT 1   [ RunTime:0.0004s ]
INFO: [ view_parse ] --START--
INFO: [ template_filter ] --START--
INFO: Run Behavior\ContentReplaceBehavior [ RunTime:0.000058s ]
INFO: [ template_filter ] --END-- [ RunTime:0.000118s ]
SQL: SHOW COLUMNS FROM `cms_menu` [ RunTime:0.0007s ]
SQL: SELECT * FROM `cms_menu` WHERE `status` <> -1 AND `type` = 1 ORDER BY listorder desc, menu_id desc  [ RunTime:0.0005s ]
NOTIC: [8] Undefined index: prev /Library/WebServer/News/Application/Runtime/Cache/Admin/b956215329b6f9aca22277599a4efdfc.php 第 184 行.
NOTIC: [8] Undefined offset: 4 /Library/WebServer/News/Application/Runtime/Cache/Admin/b956215329b6f9aca22277599a4efdfc.php 第 184 行.
INFO: Run Behavior\ParseTemplateBehavior [ RunTime:0.014580s ]
INFO: [ view_parse ] --END-- [ RunTime:0.014624s ]
INFO: [ view_filter ] --START--
INFO: Run Behavior\WriteHtmlCacheBehavior [ RunTime:0.000204s ]
INFO: [ view_filter ] --END-- [ RunTime:0.000243s ]
INFO: [ app_end ] --START--
INFO: Run Behavior\ShowPageTraceBehavior [ RunTime:0.000497s ]
INFO: [ app_end ] --END-- [ RunTime:0.000550s ]

[ 2017-09-02T09:48:09+08:00 ] 127.0.0.1 /admin.php?c=menu&a=search
INFO: [ app_init ] --START--
INFO: Run Behavior\BuildLiteBehavior [ RunTime:0.000032s ]
INFO: [ app_init ] --END-- [ RunTime:0.000351s ]
INFO: [ app_begin ] --START--
INFO: Run Behavior\ReadHtmlCacheBehavior [ RunTime:0.000369s ]
INFO: [ app_begin ] --END-- [ RunTime:0.000419s ]
SQL: SHOW COLUMNS FROM `cms_menu` [ RunTime:0.0007s ]
SQL: SHOW COLUMNS FROM `cms_menu` [ RunTime:0.0007s ]
NOTIC: [8] Undefined index: type /Library/WebServer/News/Application/Common/Model/MenuModel.class.php 第 48 行.
SQL: SELECT * FROM `cms_menu` WHERE `status` <> -1 ORDER BY listorder desc, menu_id desc LIMIT 6,3   [ RunTime:0.0005s ]
NOTIC: [2] in_array() expects parameter 2 to be array, boolean given /Library/WebServer/News/Application/Common/Model/MenuModel.class.php 第 64 行.
NOTIC: [8] Undefined index: type /Library/WebServer/News/Application/Common/Model/MenuModel.class.php 第 65 行.
SQL: SELECT COUNT(*) AS tp_count FROM `cms_menu` WHERE `status` <> -1 LIMIT 1   [ RunTime:0.0004s ]
ERR: 模板不存在:./Application/Admin/View/Menu/content.html

[ 2017-09-02T09:48:10+08:00 ] 127.0.0.1 /admin.php?c=menu&a=search
INFO: [ app_init ] --START--
INFO: Run Behavior\BuildLiteBehavior [ RunTime:0.000029s ]
INFO: [ app_init ] --END-- [ RunTime:0.000249s ]
INFO: [ app_begin ] --START--
INFO: Run Behavior\ReadHtmlCacheBehavior [ RunTime:0.000438s ]
INFO: [ app_begin ] --END-- [ RunTime:0.000489s ]
SQL: SHOW COLUMNS FROM `cms_menu` [ RunTime:0.0005s ]
SQL: SHOW COLUMNS FROM `cms_menu` [ RunTime:0.0005s ]
NOTIC: [8] Undefined index: type /Library/WebServer/News/Application/Common/Model/MenuModel.class.php 第 48 行.
SQL: SELECT * FROM `cms_menu` WHERE `status` <> -1 ORDER BY listorder desc, menu_id desc LIMIT 3,3   [ RunTime:0.0004s ]
NOTIC: [2] in_array() expects parameter 2 to be array, boolean given /Library/WebServer/News/Application/Common/Model/MenuModel.class.php 第 64 行.
NOTIC: [8] Undefined index: type /Library/WebServer/News/Application/Common/Model/MenuModel.class.php 第 65 行.
SQL: SELECT COUNT(*) AS tp_count FROM `cms_menu` WHERE `status` <> -1 LIMIT 1   [ RunTime:0.0003s ]
ERR: 模板不存在:./Application/Admin/View/Menu/content.html

[ 2017-09-02T09:48:19+08:00 ] 127.0.0.1 /admin.php?c=menu&a=index
INFO: [ app_init ] --START--
INFO: Run Behavior\BuildLiteBehavior [ RunTime:0.000033s ]
INFO: [ app_init ] --END-- [ RunTime:0.000560s ]
INFO: [ app_begin ] --START--
INFO: Run Behavior\ReadHtmlCacheBehavior [ RunTime:0.000674s ]
INFO: [ app_begin ] --END-- [ RunTime:0.000761s ]
NOTIC: [8] Undefined index: p /Library/WebServer/News/Application/Admin/Controller/MenuController.class.php 第 29 行.
SQL: SHOW COLUMNS FROM `cms_menu` [ RunTime:0.0006s ]
SQL: SHOW COLUMNS FROM `cms_menu` [ RunTime:0.0018s ]
NOTIC: [8] Undefined index: type /Library/WebServer/News/Application/Common/Model/MenuModel.class.php 第 48 行.
SQL: SELECT * FROM `cms_menu` WHERE `status` <> -1 ORDER BY listorder desc, menu_id desc LIMIT 0,3   [ RunTime:0.0006s ]
NOTIC: [2] in_array() expects parameter 2 to be array, boolean given /Library/WebServer/News/Application/Common/Model/MenuModel.class.php 第 64 行.
NOTIC: [8] Undefined index: type /Library/WebServer/News/Application/Common/Model/MenuModel.class.php 第 65 行.
SQL: SELECT COUNT(*) AS tp_count FROM `cms_menu` WHERE `status` <> -1 LIMIT 1   [ RunTime:0.0009s ]
INFO: [ view_parse ] --START--
INFO: [ template_filter ] --START--
INFO: Run Behavior\ContentReplaceBehavior [ RunTime:0.000085s ]
INFO: [ template_filter ] --END-- [ RunTime:0.000126s ]
SQL: SHOW COLUMNS FROM `cms_menu` [ RunTime:0.0008s ]
SQL: SELECT * FROM `cms_menu` WHERE `status` <> -1 AND `type` = 1 ORDER BY listorder desc, menu_id desc  [ RunTime:0.0005s ]
NOTIC: [8] Undefined index: prev /Library/WebServer/News/Application/Runtime/Cache/Admin/b956215329b6f9aca22277599a4efdfc.php 第 184 行.
NOTIC: [8] Undefined offset: 4 /Library/WebServer/News/Application/Runtime/Cache/Admin/b956215329b6f9aca22277599a4efdfc.php 第 184 行.
INFO: Run Behavior\ParseTemplateBehavior [ RunTime:0.018078s ]
INFO: [ view_parse ] --END-- [ RunTime:0.018147s ]
INFO: [ view_filter ] --START--
INFO: Run Behavior\WriteHtmlCacheBehavior [ RunTime:0.000214s ]
INFO: [ view_filter ] --END-- [ RunTime:0.000254s ]
INFO: [ app_end ] --START--
INFO: Run Behavior\ShowPageTraceBehavior [ RunTime:0.004696s ]
INFO: [ app_end ] --END-- [ RunTime:0.004769s ]

[ 2017-09-02T09:48:21+08:00 ] 127.0.0.1 /admin.php?c=menu&a=search
INFO: [ app_init ] --START--
INFO: Run Behavior\BuildLiteBehavior [ RunTime:0.000009s ]
INFO: [ app_init ] --END-- [ RunTime:0.000196s ]
INFO: [ app_begin ] --START--
INFO: Run Behavior\ReadHtmlCacheBehavior [ RunTime:0.000241s ]
INFO: [ app_begin ] --END-- [ RunTime:0.000268s ]
SQL: SHOW COLUMNS FROM `cms_menu` [ RunTime:0.0008s ]
SQL: SHOW COLUMNS FROM `cms_menu` [ RunTime:0.0006s ]
NOTIC: [8] Undefined index: type /Library/WebServer/News/Application/Common/Model/MenuModel.class.php 第 48 行.
SQL: SELECT * FROM `cms_menu` WHERE `status` <> -1 ORDER BY listorder desc, menu_id desc LIMIT 9,3   [ RunTime:0.0003s ]
NOTIC: [2] in_array() expects parameter 2 to be array, boolean given /Library/WebServer/News/Application/Common/Model/MenuModel.class.php 第 64 行.
NOTIC: [8] Undefined index: type /Library/WebServer/News/Application/Common/Model/MenuModel.class.php 第 65 行.
SQL: SELECT COUNT(*) AS tp_count FROM `cms_menu` WHERE `status` <> -1 LIMIT 1   [ RunTime:0.0003s ]
ERR: 模板不存在:./Application/Admin/View/Menu/content.html

[ 2017-09-02T09:49:00+08:00 ] 127.0.0.1 /admin.php?c=menu&a=index
INFO: [ app_init ] --START--
INFO: Run Behavior\BuildLiteBehavior [ RunTime:0.000016s ]
INFO: [ app_init ] --END-- [ RunTime:0.000370s ]
INFO: [ app_begin ] --START--
INFO: Run Behavior\ReadHtmlCacheBehavior [ RunTime:0.000557s ]
INFO: [ app_begin ] --END-- [ RunTime:0.000611s ]
NOTIC: [8] Undefined index: p /Library/WebServer/News/Application/Admin/Controller/MenuController.class.php 第 29 行.
SQL: SHOW COLUMNS FROM `cms_menu` [ RunTime:0.0007s ]
SQL: SHOW COLUMNS FROM `cms_menu` [ RunTime:0.0005s ]
NOTIC: [8] Undefined index: type /Library/WebServer/News/Application/Common/Model/MenuModel.class.php 第 48 行.
SQL: SELECT * FROM `cms_menu` WHERE `status` <> -1 ORDER BY listorder desc, menu_id desc LIMIT 0,3   [ RunTime:0.0003s ]
NOTIC: [2] in_array() expects parameter 2 to be array, boolean given /Library/WebServer/News/Application/Common/Model/MenuModel.class.php 第 64 行.
NOTIC: [8] Undefined index: type /Library/WebServer/News/Application/Common/Model/MenuModel.class.php 第 65 行.
SQL: SELECT COUNT(*) AS tp_count FROM `cms_menu` WHERE `status` <> -1 LIMIT 1   [ RunTime:0.0003s ]
INFO: [ view_parse ] --START--
INFO: [ template_filter ] --START--
INFO: Run Behavior\ContentReplaceBehavior [ RunTime:0.000044s ]
INFO: [ template_filter ] --END-- [ RunTime:0.000108s ]
SQL: SHOW COLUMNS FROM `cms_menu` [ RunTime:0.0007s ]
SQL: SELECT * FROM `cms_menu` WHERE `status` <> -1 AND `type` = 1 ORDER BY listorder desc, menu_id desc  [ RunTime:0.0012s ]
NOTIC: [8] Undefined index: prev /Library/WebServer/News/Application/Runtime/Cache/Admin/b956215329b6f9aca22277599a4efdfc.php 第 184 行.
NOTIC: [8] Undefined offset: 4 /Library/WebServer/News/Application/Runtime/Cache/Admin/b956215329b6f9aca22277599a4efdfc.php 第 184 行.
INFO: Run Behavior\ParseTemplateBehavior [ RunTime:0.014359s ]
INFO: [ view_parse ] --END-- [ RunTime:0.014389s ]
INFO: [ view_filter ] --START--
INFO: Run Behavior\WriteHtmlCacheBehavior [ RunTime:0.000255s ]
INFO: [ view_filter ] --END-- [ RunTime:0.000282s ]
INFO: [ app_end ] --START--
INFO: Run Behavior\ShowPageTraceBehavior [ RunTime:0.000508s ]
INFO: [ app_end ] --END-- [ RunTime:0.000559s ]

[ 2017-09-02T09:49:01+08:00 ] 127.0.0.1 /admin.php?c=menu&a=search
INFO: [ app_init ] --START--
INFO: Run Behavior\BuildLiteBehavior [ RunTime:0.000009s ]
INFO: [ app_init ] --END-- [ RunTime:0.000217s ]
INFO: [ app_begin ] --START--
INFO: Run Behavior\ReadHtmlCacheBehavior [ RunTime:0.000355s ]
INFO: [ app_begin ] --END-- [ RunTime:0.000387s ]
SQL: SHOW COLUMNS FROM `cms_menu` [ RunTime:0.0007s ]
SQL: SHOW COLUMNS FROM `cms_menu` [ RunTime:0.0005s ]
NOTIC: [8] Undefined index: type /Library/WebServer/News/Application/Common/Model/MenuModel.class.php 第 48 行.
SQL: SELECT * FROM `cms_menu` WHERE `status` <> -1 ORDER BY listorder desc, menu_id desc LIMIT 6,3   [ RunTime:0.0004s ]
NOTIC: [2] in_array() expects parameter 2 to be array, boolean given /Library/WebServer/News/Application/Common/Model/MenuModel.class.php 第 64 行.
NOTIC: [8] Undefined index: type /Library/WebServer/News/Application/Common/Model/MenuModel.class.php 第 65 行.
SQL: SELECT COUNT(*) AS tp_count FROM `cms_menu` WHERE `status` <> -1 LIMIT 1   [ RunTime:0.0003s ]
INFO: [ view_parse ] --START--
INFO: [ template_filter ] --START--
INFO: Run Behavior\ContentReplaceBehavior [ RunTime:0.000034s ]
INFO: [ template_filter ] --END-- [ RunTime:0.000077s ]
NOTIC: [8] Undefined offset: 4 /Library/WebServer/News/Application/Runtime/Cache/Admin/4e1bade45f948b7b16377cdf255db139.php 第 88 行.
INFO: Run Behavior\ParseTemplateBehavior [ RunTime:0.006482s ]
INFO: [ view_parse ] --END-- [ RunTime:0.006525s ]
INFO: [ view_filter ] --START--
INFO: Run Behavior\WriteHtmlCacheBehavior [ RunTime:0.000192s ]
INFO: [ view_filter ] --END-- [ RunTime:0.000273s ]

[ 2017-09-02T09:49:03+08:00 ] 127.0.0.1 /admin.php?c=menu&a=search
INFO: [ app_init ] --START--
INFO: Run Behavior\BuildLiteBehavior [ RunTime:0.000010s ]
INFO: [ app_init ] --END-- [ RunTime:0.000217s ]
INFO: [ app_begin ] --START--
INFO: Run Behavior\ReadHtmlCacheBehavior [ RunTime:0.000323s ]
INFO: [ app_begin ] --END-- [ RunTime:0.000361s ]
SQL: SHOW COLUMNS FROM `cms_menu` [ RunTime:0.0005s ]
SQL: SHOW COLUMNS FROM `cms_menu` [ RunTime:0.0005s ]
NOTIC: [8] Undefined index: type /Library/WebServer/News/Application/Common/Model/MenuModel.class.php 第 48 行.
SQL: SELECT * FROM `cms_menu` WHERE `status` <> -1 ORDER BY listorder desc, menu_id desc LIMIT 3,3   [ RunTime:0.0004s ]
NOTIC: [2] in_array() expects parameter 2 to be array, boolean given /Library/WebServer/News/Application/Common/Model/MenuModel.class.php 第 64 行.
NOTIC: [8] Undefined index: type /Library/WebServer/News/Application/Common/Model/MenuModel.class.php 第 65 行.
SQL: SELECT COUNT(*) AS tp_count FROM `cms_menu` WHERE `status` <> -1 LIMIT 1   [ RunTime:0.0003s ]
INFO: [ view_parse ] --START--
INFO: [ template_filter ] --START--
INFO: Run Behavior\ContentReplaceBehavior [ RunTime:0.000030s ]
INFO: [ template_filter ] --END-- [ RunTime:0.000070s ]
NOTIC: [8] Undefined offset: 4 /Library/WebServer/News/Application/Runtime/Cache/Admin/4e1bade45f948b7b16377cdf255db139.php 第 88 行.
INFO: Run Behavior\ParseTemplateBehavior [ RunTime:0.006593s ]
INFO: [ view_parse ] --END-- [ RunTime:0.006618s ]
INFO: [ view_filter ] --START--
INFO: Run Behavior\WriteHtmlCacheBehavior [ RunTime:0.000104s ]
INFO: [ view_filter ] --END-- [ RunTime:0.000124s ]

[ 2017-09-02T09:49:28+08:00 ] 127.0.0.1 /admin.php?c=menu&a=search
INFO: [ app_init ] --START--
INFO: Run Behavior\BuildLiteBehavior [ RunTime:0.000027s ]
INFO: [ app_init ] --END-- [ RunTime:0.000470s ]
INFO: [ app_begin ] --START--
INFO: Run Behavior\ReadHtmlCacheBehavior [ RunTime:0.000276s ]
INFO: [ app_begin ] --END-- [ RunTime:0.000310s ]
SQL: SHOW COLUMNS FROM `cms_menu` [ RunTime:0.0005s ]
SQL: SHOW COLUMNS FROM `cms_menu` [ RunTime:0.0005s ]
NOTIC: [8] Undefined index: type /Library/WebServer/News/Application/Common/Model/MenuModel.class.php 第 48 行.
SQL: SELECT * FROM `cms_menu` WHERE `status` <> -1 ORDER BY listorder desc, menu_id desc LIMIT 6,3   [ RunTime:0.0004s ]
NOTIC: [2] in_array() expects parameter 2 to be array, boolean given /Library/WebServer/News/Application/Common/Model/MenuModel.class.php 第 64 行.
NOTIC: [8] Undefined index: type /Library/WebServer/News/Application/Common/Model/MenuModel.class.php 第 65 行.
SQL: SELECT COUNT(*) AS tp_count FROM `cms_menu` WHERE `status` <> -1 LIMIT 1   [ RunTime:0.0003s ]
INFO: [ view_parse ] --START--
INFO: [ template_filter ] --START--
INFO: Run Behavior\ContentReplaceBehavior [ RunTime:0.000026s ]
INFO: [ template_filter ] --END-- [ RunTime:0.000058s ]
NOTIC: [8] Undefined offset: 4 /Library/WebServer/News/Application/Runtime/Cache/Admin/4e1bade45f948b7b16377cdf255db139.php 第 88 行.
INFO: Run Behavior\ParseTemplateBehavior [ RunTime:0.005709s ]
INFO: [ view_parse ] --END-- [ RunTime:0.005739s ]
INFO: [ view_filter ] --START--
INFO: Run Behavior\WriteHtmlCacheBehavior [ RunTime:0.000101s ]
INFO: [ view_filter ] --END-- [ RunTime:0.000122s ]

[ 2017-09-02T09:49:30+08:00 ] 127.0.0.1 /admin.php?c=menu&a=search
INFO: [ app_init ] --START--
INFO: Run Behavior\BuildLiteBehavior [ RunTime:0.000011s ]
INFO: [ app_init ] --END-- [ RunTime:0.000238s ]
INFO: [ app_begin ] --START--
INFO: Run Behavior\ReadHtmlCacheBehavior [ RunTime:0.000292s ]
INFO: [ app_begin ] --END-- [ RunTime:0.000326s ]
SQL: SHOW COLUMNS FROM `cms_menu` [ RunTime:0.0005s ]
SQL: SHOW COLUMNS FROM `cms_menu` [ RunTime:0.0005s ]
NOTIC: [8] Undefined index: type /Library/WebServer/News/Application/Common/Model/MenuModel.class.php 第 48 行.
SQL: SELECT * FROM `cms_menu` WHERE `status` <> -1 ORDER BY listorder desc, menu_id desc LIMIT 9,3   [ RunTime:0.0003s ]
NOTIC: [2] in_array() expects parameter 2 to be array, boolean given /Library/WebServer/News/Application/Common/Model/MenuModel.class.php 第 64 行.
NOTIC: [8] Undefined index: type /Library/WebServer/News/Application/Common/Model/MenuModel.class.php 第 65 行.
SQL: SELECT COUNT(*) AS tp_count FROM `cms_menu` WHERE `status` <> -1 LIMIT 1   [ RunTime:0.0003s ]
INFO: [ view_parse ] --START--
INFO: [ template_filter ] --START--
INFO: Run Behavior\ContentReplaceBehavior [ RunTime:0.000032s ]
INFO: [ template_filter ] --END-- [ RunTime:0.000077s ]
NOTIC: [8] Undefined offset: 4 /Library/WebServer/News/Application/Runtime/Cache/Admin/4e1bade45f948b7b16377cdf255db139.php 第 88 行.
NOTIC: [8] Undefined index: next /Library/WebServer/News/Application/Runtime/Cache/Admin/4e1bade45f948b7b16377cdf255db139.php 第 88 行.
INFO: Run Behavior\ParseTemplateBehavior [ RunTime:0.011824s ]
INFO: [ view_parse ] --END-- [ RunTime:0.011864s ]
INFO: [ view_filter ] --START--
INFO: Run Behavior\WriteHtmlCacheBehavior [ RunTime:0.000162s ]
INFO: [ view_filter ] --END-- [ RunTime:0.000197s ]

[ 2017-09-02T09:49:34+08:00 ] 127.0.0.1 /admin.php?c=menu&a=search
INFO: [ app_init ] --START--
INFO: Run Behavior\BuildLiteBehavior [ RunTime:0.000010s ]
INFO: [ app_init ] --END-- [ RunTime:0.000286s ]
INFO: [ app_begin ] --START--
INFO: Run Behavior\ReadHtmlCacheBehavior [ RunTime:0.000255s ]
INFO: [ app_begin ] --END-- [ RunTime:0.000283s ]
SQL: SHOW COLUMNS FROM `cms_menu` [ RunTime:0.0005s ]
SQL: SHOW COLUMNS FROM `cms_menu` [ RunTime:0.0004s ]
NOTIC: [8] Undefined index: type /Library/WebServer/News/Application/Common/Model/MenuModel.class.php 第 48 行.
SQL: SELECT * FROM `cms_menu` WHERE `status` <> -1 ORDER BY listorder desc, menu_id desc LIMIT 6,3   [ RunTime:0.0004s ]
NOTIC: [2] in_array() expects parameter 2 to be array, boolean given /Library/WebServer/News/Application/Common/Model/MenuModel.class.php 第 64 行.
NOTIC: [8] Undefined index: type /Library/WebServer/News/Application/Common/Model/MenuModel.class.php 第 65 行.
SQL: SELECT COUNT(*) AS tp_count FROM `cms_menu` WHERE `status` <> -1 LIMIT 1   [ RunTime:0.0003s ]
INFO: [ view_parse ] --START--
INFO: [ template_filter ] --START--
INFO: Run Behavior\ContentReplaceBehavior [ RunTime:0.000028s ]
INFO: [ template_filter ] --END-- [ RunTime:0.000063s ]
NOTIC: [8] Undefined offset: 4 /Library/WebServer/News/Application/Runtime/Cache/Admin/4e1bade45f948b7b16377cdf255db139.php 第 88 行.
INFO: Run Behavior\ParseTemplateBehavior [ RunTime:0.005759s ]
INFO: [ view_parse ] --END-- [ RunTime:0.005787s ]
INFO: [ view_filter ] --START--
INFO: Run Behavior\WriteHtmlCacheBehavior [ RunTime:0.000100s ]
INFO: [ view_filter ] --END-- [ RunTime:0.000120s ]

[ 2017-09-02T09:49:44+08:00 ] 127.0.0.1 /admin.php?c=menu&a=search
INFO: [ app_init ] --START--
INFO: Run Behavior\BuildLiteBehavior [ RunTime:0.000009s ]
INFO: [ app_init ] --END-- [ RunTime:0.000225s ]
INFO: [ app_begin ] --START--
INFO: Run Behavior\ReadHtmlCacheBehavior [ RunTime:0.000288s ]
INFO: [ app_begin ] --END-- [ RunTime:0.000324s ]
SQL: SHOW COLUMNS FROM `cms_menu` [ RunTime:0.0005s ]
SQL: SHOW COLUMNS FROM `cms_menu` [ RunTime:0.0005s ]
NOTIC: [8] Undefined index: type /Library/WebServer/News/Application/Common/Model/MenuModel.class.php 第 48 行.
SQL: SELECT * FROM `cms_menu` WHERE `status` <> -1 ORDER BY listorder desc, menu_id desc LIMIT 9,3   [ RunTime:0.0004s ]
NOTIC: [2] in_array() expects parameter 2 to be array, boolean given /Library/WebServer/News/Application/Common/Model/MenuModel.class.php 第 64 行.
NOTIC: [8] Undefined index: type /Library/WebServer/News/Application/Common/Model/MenuModel.class.php 第 65 行.
SQL: SELECT COUNT(*) AS tp_count FROM `cms_menu` WHERE `status` <> -1 LIMIT 1   [ RunTime:0.0003s ]
INFO: [ view_parse ] --START--
INFO: [ template_filter ] --START--
INFO: Run Behavior\ContentReplaceBehavior [ RunTime:0.000025s ]
INFO: [ template_filter ] --END-- [ RunTime:0.000053s ]
NOTIC: [8] Undefined offset: 4 /Library/WebServer/News/Application/Runtime/Cache/Admin/4e1bade45f948b7b16377cdf255db139.php 第 88 行.
NOTIC: [8] Undefined index: next /Library/WebServer/News/Application/Runtime/Cache/Admin/4e1bade45f948b7b16377cdf255db139.php 第 88 行.
INFO: Run Behavior\ParseTemplateBehavior [ RunTime:0.004966s ]
INFO: [ view_parse ] --END-- [ RunTime:0.004990s ]
INFO: [ view_filter ] --START--
INFO: Run Behavior\WriteHtmlCacheBehavior [ RunTime:0.000093s ]
INFO: [ view_filter ] --END-- [ RunTime:0.000113s ]

